[2.890s] Invoking command in '/home/ovidiu/robot_ws/src/robot_controller': PYTHONPATH=/home/ovidiu/robot_ws/build/robot_controller/prefix_override:/usr/lib/python3/dist-packages/colcon_core/task/python/colcon_distutils_commands:/home/ovidiu/robot_ws/install/robot_controller/lib/python3.10/site-packages:${PYTHONPATH} /usr/bin/python3 -W ignore:setup.py install is deprecated -W ignore:easy_install command is deprecated setup.py egg_info --egg-base ../../build/robot_controller build --build-base /home/ovidiu/robot_ws/build/robot_controller/build install --record /home/ovidiu/robot_ws/build/robot_controller/install.log --single-version-externally-managed install_data
[4.066s] running egg_info
[4.069s] writing ../../build/robot_controller/robot_controller.egg-info/PKG-INFO
[4.071s] writing dependency_links to ../../build/robot_controller/robot_controller.egg-info/dependency_links.txt
[4.072s] writing entry points to ../../build/robot_controller/robot_controller.egg-info/entry_points.txt
[4.073s] writing requirements to ../../build/robot_controller/robot_controller.egg-info/requires.txt
[4.073s] writing top-level names to ../../build/robot_controller/robot_controller.egg-info/top_level.txt
[4.082s] reading manifest file '../../build/robot_controller/robot_controller.egg-info/SOURCES.txt'
[4.087s] writing manifest file '../../build/robot_controller/robot_controller.egg-info/SOURCES.txt'
[4.088s] running build
[4.088s] running build_py
[4.093s] running install
[4.094s] running install_lib
[4.102s] running install_data
[4.105s] copying launch/robot_bringup.launch.py -> /home/ovidiu/robot_ws/install/robot_controller/share/robot_controller/launch
[4.107s] copying config/slam_toolbox_params.yaml -> /home/ovidiu/robot_ws/install/robot_controller/share/robot_controller/config
[4.108s] copying config/nav2_params.yaml -> /home/ovidiu/robot_ws/install/robot_controller/share/robot_controller/config
[4.109s] running install_egg_info
[4.116s] removing '/home/ovidiu/robot_ws/install/robot_controller/lib/python3.10/site-packages/robot_controller-0.0.0-py3.10.egg-info' (and everything under it)
[4.118s] Copying ../../build/robot_controller/robot_controller.egg-info to /home/ovidiu/robot_ws/install/robot_controller/lib/python3.10/site-packages/robot_controller-0.0.0-py3.10.egg-info
[4.127s] running install_scripts
[4.202s] Installing arduino_interface script to /home/ovidiu/robot_ws/install/robot_controller/lib/robot_controller
[4.204s] Installing motor_controller script to /home/ovidiu/robot_ws/install/robot_controller/lib/robot_controller
[4.205s] Installing odometry_publisher script to /home/ovidiu/robot_ws/install/robot_controller/lib/robot_controller
[4.206s] Installing tf_broadcaster script to /home/ovidiu/robot_ws/install/robot_controller/lib/robot_controller
[4.207s] writing list of installed files to '/home/ovidiu/robot_ws/build/robot_controller/install.log'
[4.324s] Invoked command in '/home/ovidiu/robot_ws/src/robot_controller' returned '0': PYTHONPATH=/home/ovidiu/robot_ws/build/robot_controller/prefix_override:/usr/lib/python3/dist-packages/colcon_core/task/python/colcon_distutils_commands:/home/ovidiu/robot_ws/install/robot_controller/lib/python3.10/site-packages:${PYTHONPATH} /usr/bin/python3 -W ignore:setup.py install is deprecated -W ignore:easy_install command is deprecated setup.py egg_info --egg-base ../../build/robot_controller build --build-base /home/ovidiu/robot_ws/build/robot_controller/build install --record /home/ovidiu/robot_ws/build/robot_controller/install.log --single-version-externally-managed install_data
