[1.030s] DEBUG:colcon:Command line arguments: ['/usr/bin/colcon', 'build', '--symlink-install']
[1.032s] DEBUG:colcon:Parsed command line arguments: Namespace(log_base=None, log_level=None, verb_name='build', build_base='build', install_base='install', merge_install=False, symlink_install=True, test_result_base=None, continue_on_error=False, executor='parallel', parallel_workers=4, event_handlers=None, ignore_user_meta=False, metas=['./colcon.meta'], base_paths=['.'], packages_ignore=None, packages_ignore_regex=None, paths=None, packages_up_to=None, packages_up_to_regex=None, packages_above=None, packages_above_and_dependencies=None, packages_above_depth=None, packages_select_by_dep=None, packages_skip_by_dep=None, packages_skip_up_to=None, packages_select_build_failed=False, packages_skip_build_finished=False, packages_select_test_failures=False, packages_skip_test_passed=False, packages_select=None, packages_skip=None, packages_select_regex=None, packages_skip_regex=None, packages_start=None, packages_end=None, allow_overriding=[], cmake_args=None, cmake_target=None, cmake_target_skip_unavailable=False, cmake_clean_cache=False, cmake_clean_first=False, cmake_force_configure=False, ament_cmake_args=None, catkin_cmake_args=None, catkin_skip_building_tests=False, mixin_files=None, mixin=None, verb_parser=<colcon_mixin.mixin.mixin_argument.MixinArgumentDecorator object at 0xffff902b6590>, verb_extension=<colcon_core.verb.build.BuildVerb object at 0xffff9046b4c0>, main=<bound method BuildVerb.main of <colcon_core.verb.build.BuildVerb object at 0xffff9046b4c0>>, mixin_verb=('build',))
[2.473s] Level 1:colcon.colcon_core.package_discovery:discover_packages(colcon_meta) check parameters
[2.474s] Level 1:colcon.colcon_core.package_discovery:discover_packages(recursive) check parameters
[2.474s] Level 1:colcon.colcon_core.package_discovery:discover_packages(ignore) check parameters
[2.475s] Level 1:colcon.colcon_core.package_discovery:discover_packages(path) check parameters
[2.475s] Level 1:colcon.colcon_core.package_discovery:discover_packages(colcon_meta) discover
[2.475s] Level 1:colcon.colcon_core.package_discovery:discover_packages(recursive) discover
[2.475s] INFO:colcon.colcon_core.package_discovery:Crawling recursively for packages in '/home/ovidiu/robot_ws'
[2.476s] Level 1:colcon.colcon_core.package_identification:_identify(.) by extensions ['ignore', 'ignore_ament_install']
[2.477s] Level 1:colcon.colcon_core.package_identification:_identify(.) by extension 'ignore'
[2.477s] Level 1:colcon.colcon_core.package_identification:_identify(.) by extension 'ignore_ament_install'
[2.478s] Level 1:colcon.colcon_core.package_identification:_identify(.) by extensions ['colcon_pkg']
[2.478s] Level 1:colcon.colcon_core.package_identification:_identify(.) by extension 'colcon_pkg'
[2.478s] Level 1:colcon.colcon_core.package_identification:_identify(.) by extensions ['colcon_meta']
[2.478s] Level 1:colcon.colcon_core.package_identification:_identify(.) by extension 'colcon_meta'
[2.479s] Level 1:colcon.colcon_core.package_identification:_identify(.) by extensions ['ros']
[2.479s] Level 1:colcon.colcon_core.package_identification:_identify(.) by extension 'ros'
[2.573s] Level 1:colcon.colcon_core.package_identification:_identify(.) by extensions ['cmake', 'python']
[2.574s] Level 1:colcon.colcon_core.package_identification:_identify(.) by extension 'cmake'
[2.574s] Level 1:colcon.colcon_core.package_identification:_identify(.) by extension 'python'
[2.575s] Level 1:colcon.colcon_core.package_identification:_identify(.) by extensions ['python_setup_py']
[2.575s] Level 1:colcon.colcon_core.package_identification:_identify(.) by extension 'python_setup_py'
[2.577s] Level 1:colcon.colcon_core.package_identification:_identify(build) by extensions ['ignore', 'ignore_ament_install']
[2.578s] Level 1:colcon.colcon_core.package_identification:_identify(build) by extension 'ignore'
[2.579s] Level 1:colcon.colcon_core.package_identification:_identify(build) ignored
[2.580s] Level 1:colcon.colcon_core.package_identification:_identify(install) by extensions ['ignore', 'ignore_ament_install']
[2.581s] Level 1:colcon.colcon_core.package_identification:_identify(install) by extension 'ignore'
[2.581s] Level 1:colcon.colcon_core.package_identification:_identify(install) ignored
[2.582s] Level 1:colcon.colcon_core.package_identification:_identify(log) by extensions ['ignore', 'ignore_ament_install']
[2.582s] Level 1:colcon.colcon_core.package_identification:_identify(log) by extension 'ignore'
[2.583s] Level 1:colcon.colcon_core.package_identification:_identify(log) ignored
[2.583s] Level 1:colcon.colcon_core.package_identification:_identify(src) by extensions ['ignore', 'ignore_ament_install']
[2.584s] Level 1:colcon.colcon_core.package_identification:_identify(src) by extension 'ignore'
[2.584s] Level 1:colcon.colcon_core.package_identification:_identify(src) by extension 'ignore_ament_install'
[2.585s] Level 1:colcon.colcon_core.package_identification:_identify(src) by extensions ['colcon_pkg']
[2.585s] Level 1:colcon.colcon_core.package_identification:_identify(src) by extension 'colcon_pkg'
[2.586s] Level 1:colcon.colcon_core.package_identification:_identify(src) by extensions ['colcon_meta']
[2.586s] Level 1:colcon.colcon_core.package_identification:_identify(src) by extension 'colcon_meta'
[2.586s] Level 1:colcon.colcon_core.package_identification:_identify(src) by extensions ['ros']
[2.586s] Level 1:colcon.colcon_core.package_identification:_identify(src) by extension 'ros'
[2.587s] Level 1:colcon.colcon_core.package_identification:_identify(src) by extensions ['cmake', 'python']
[2.587s] Level 1:colcon.colcon_core.package_identification:_identify(src) by extension 'cmake'
[2.588s] Level 1:colcon.colcon_core.package_identification:_identify(src) by extension 'python'
[2.588s] Level 1:colcon.colcon_core.package_identification:_identify(src) by extensions ['python_setup_py']
[2.588s] Level 1:colcon.colcon_core.package_identification:_identify(src) by extension 'python_setup_py'
[2.589s] Level 1:colcon.colcon_core.package_identification:_identify(src/robot_controller) by extensions ['ignore', 'ignore_ament_install']
[2.590s] Level 1:colcon.colcon_core.package_identification:_identify(src/robot_controller) by extension 'ignore'
[2.590s] Level 1:colcon.colcon_core.package_identification:_identify(src/robot_controller) by extension 'ignore_ament_install'
[2.591s] Level 1:colcon.colcon_core.package_identification:_identify(src/robot_controller) by extensions ['colcon_pkg']
[2.591s] Level 1:colcon.colcon_core.package_identification:_identify(src/robot_controller) by extension 'colcon_pkg'
[2.591s] Level 1:colcon.colcon_core.package_identification:_identify(src/robot_controller) by extensions ['colcon_meta']
[2.592s] Level 1:colcon.colcon_core.package_identification:_identify(src/robot_controller) by extension 'colcon_meta'
[2.592s] Level 1:colcon.colcon_core.package_identification:_identify(src/robot_controller) by extensions ['ros']
[2.592s] Level 1:colcon.colcon_core.package_identification:_identify(src/robot_controller) by extension 'ros'
[2.625s] DEBUG:colcon.colcon_core.package_identification:Package 'src/robot_controller' with type 'ros.ament_python' and name 'robot_controller'
[2.626s] Level 1:colcon.colcon_core.package_discovery:discover_packages(recursive) using defaults
[2.627s] Level 1:colcon.colcon_core.package_discovery:discover_packages(ignore) discover
[2.628s] Level 1:colcon.colcon_core.package_discovery:discover_packages(ignore) using defaults
[2.629s] Level 1:colcon.colcon_core.package_discovery:discover_packages(path) discover
[2.630s] Level 1:colcon.colcon_core.package_discovery:discover_packages(path) using defaults
[2.854s] Level 1:colcon.colcon_core.package_discovery:discover_packages(prefix_path) check parameters
[2.854s] Level 1:colcon.colcon_core.package_discovery:discover_packages(prefix_path) discover
[2.883s] DEBUG:colcon.colcon_installed_package_information.package_discovery:Found 337 installed packages in /opt/ros/humble
[2.891s] Level 1:colcon.colcon_core.package_discovery:discover_packages(prefix_path) using defaults
[3.495s] Level 5:colcon.colcon_core.verb:set package 'robot_controller' build argument 'cmake_args' from command line to 'None'
[3.496s] Level 5:colcon.colcon_core.verb:set package 'robot_controller' build argument 'cmake_target' from command line to 'None'
[3.496s] Level 5:colcon.colcon_core.verb:set package 'robot_controller' build argument 'cmake_target_skip_unavailable' from command line to 'False'
[3.496s] Level 5:colcon.colcon_core.verb:set package 'robot_controller' build argument 'cmake_clean_cache' from command line to 'False'
[3.496s] Level 5:colcon.colcon_core.verb:set package 'robot_controller' build argument 'cmake_clean_first' from command line to 'False'
[3.496s] Level 5:colcon.colcon_core.verb:set package 'robot_controller' build argument 'cmake_force_configure' from command line to 'False'
[3.496s] Level 5:colcon.colcon_core.verb:set package 'robot_controller' build argument 'ament_cmake_args' from command line to 'None'
[3.496s] Level 5:colcon.colcon_core.verb:set package 'robot_controller' build argument 'catkin_cmake_args' from command line to 'None'
[3.496s] Level 5:colcon.colcon_core.verb:set package 'robot_controller' build argument 'catkin_skip_building_tests' from command line to 'False'
[3.496s] DEBUG:colcon.colcon_core.verb:Building package 'robot_controller' with the following arguments: {'ament_cmake_args': None, 'build_base': '/home/ovidiu/robot_ws/build/robot_controller', 'catkin_cmake_args': None, 'catkin_skip_building_tests': False, 'cmake_args': None, 'cmake_clean_cache': False, 'cmake_clean_first': False, 'cmake_force_configure': False, 'cmake_target': None, 'cmake_target_skip_unavailable': False, 'install_base': '/home/ovidiu/robot_ws/install/robot_controller', 'merge_install': False, 'path': '/home/ovidiu/robot_ws/src/robot_controller', 'symlink_install': True, 'test_result_base': None}
[3.497s] INFO:colcon.colcon_core.executor:Executing jobs using 'parallel' executor
[3.501s] DEBUG:colcon.colcon_parallel_executor.executor.parallel:run_until_complete
[3.503s] INFO:colcon.colcon_ros.task.ament_python.build:Building ROS package in '/home/ovidiu/robot_ws/src/robot_controller' with build type 'ament_python'
[3.503s] Level 1:colcon.colcon_core.shell:create_environment_hook('robot_controller', 'ament_prefix_path')
[3.528s] INFO:colcon.colcon_core.plugin_system:Skipping extension 'colcon_core.shell.bat': Not used on non-Windows systems
[3.530s] INFO:colcon.colcon_core.shell:Creating environment hook '/home/ovidiu/robot_ws/install/robot_controller/share/robot_controller/hook/ament_prefix_path.ps1'
[3.538s] INFO:colcon.colcon_core.shell:Creating environment descriptor '/home/ovidiu/robot_ws/install/robot_controller/share/robot_controller/hook/ament_prefix_path.dsv'
[3.542s] INFO:colcon.colcon_core.shell:Creating environment hook '/home/ovidiu/robot_ws/install/robot_controller/share/robot_controller/hook/ament_prefix_path.sh'
[3.551s] INFO:colcon.colcon_core.shell:Skip shell extension 'powershell' for command environment: Not usable outside of PowerShell
[3.553s] DEBUG:colcon.colcon_core.shell:Skip shell extension 'dsv' for command environment
[6.161s] INFO:colcon.colcon_core.task.python.build:Building Python package in '/home/ovidiu/robot_ws/src/robot_controller'
[6.163s] INFO:colcon.colcon_core.shell:Skip shell extension 'powershell' for command environment: Not usable outside of PowerShell
[6.163s] DEBUG:colcon.colcon_core.shell:Skip shell extension 'dsv' for command environment
[9.610s] DEBUG:colcon.colcon_core.task.python.build:While undoing a previous installation files outside the Python library path are being ignored: /home/ovidiu/robot_ws/install/robot_controller/share/ament_index/resource_index/packages/robot_controller
[9.610s] DEBUG:colcon.colcon_core.task.python.build:While undoing a previous installation files outside the Python library path are being ignored: /home/ovidiu/robot_ws/install/robot_controller/share/robot_controller/package.xml
[9.611s] DEBUG:colcon.colcon_core.task.python.build:While undoing a previous installation files outside the Python library path are being ignored: /home/ovidiu/robot_ws/install/robot_controller/share/robot_controller/launch/robot_bringup.launch.py
[9.612s] DEBUG:colcon.colcon_core.task.python.build:While undoing a previous installation files outside the Python library path are being ignored: /home/ovidiu/robot_ws/install/robot_controller/share/robot_controller/config/slam_toolbox_params.yaml
[9.612s] DEBUG:colcon.colcon_core.task.python.build:While undoing a previous installation files outside the Python library path are being ignored: /home/ovidiu/robot_ws/install/robot_controller/share/robot_controller/config/nav2_params.yaml
[9.614s] DEBUG:colcon.colcon_core.task.python.build:While undoing a previous installation files outside the Python library path are being ignored: /home/ovidiu/robot_ws/install/robot_controller/lib/robot_controller/arduino_interface
[9.617s] DEBUG:colcon.colcon_core.task.python.build:While undoing a previous installation files outside the Python library path are being ignored: /home/ovidiu/robot_ws/install/robot_controller/lib/robot_controller/fake_lidar_node
[9.617s] DEBUG:colcon.colcon_core.task.python.build:While undoing a previous installation files outside the Python library path are being ignored: /home/ovidiu/robot_ws/install/robot_controller/lib/robot_controller/fake_odometry_node
[9.618s] DEBUG:colcon.colcon_core.task.python.build:While undoing a previous installation files outside the Python library path are being ignored: /home/ovidiu/robot_ws/install/robot_controller/lib/robot_controller/motor_controller
[9.618s] DEBUG:colcon.colcon_core.task.python.build:While undoing a previous installation files outside the Python library path are being ignored: /home/ovidiu/robot_ws/install/robot_controller/lib/robot_controller/odometry_publisher
[9.618s] DEBUG:colcon.colcon_core.task.python.build:While undoing a previous installation files outside the Python library path are being ignored: /home/ovidiu/robot_ws/install/robot_controller/lib/robot_controller/tf_broadcaster
[9.641s] DEBUG:colcon.colcon_core.event_handler.log_command:Invoking command in '/home/ovidiu/robot_ws/build/robot_controller': PYTHONPATH=/home/ovidiu/robot_ws/build/robot_controller/prefix_override:/usr/lib/python3/dist-packages/colcon_core/task/python/colcon_distutils_commands:/home/ovidiu/robot_ws/install/robot_controller/lib/python3.10/site-packages:${PYTHONPATH} /usr/bin/python3 -W ignore:setup.py install is deprecated -W ignore:easy_install command is deprecated setup.py develop --editable --build-directory /home/ovidiu/robot_ws/build/robot_controller/build --no-deps symlink_data --force
[14.545s] Level 1:colcon.colcon_core.shell:create_environment_hook('robot_controller', 'pythonpath_develop')
[14.548s] INFO:colcon.colcon_core.shell:Creating environment hook '/home/ovidiu/robot_ws/build/robot_controller/share/robot_controller/hook/pythonpath_develop.ps1'
[14.553s] INFO:colcon.colcon_core.shell:Creating environment descriptor '/home/ovidiu/robot_ws/build/robot_controller/share/robot_controller/hook/pythonpath_develop.dsv'
[14.559s] DEBUG:colcon.colcon_core.event_handler.log_command:Invoked command in '/home/ovidiu/robot_ws/build/robot_controller' returned '0': PYTHONPATH=/home/ovidiu/robot_ws/build/robot_controller/prefix_override:/usr/lib/python3/dist-packages/colcon_core/task/python/colcon_distutils_commands:/home/ovidiu/robot_ws/install/robot_controller/lib/python3.10/site-packages:${PYTHONPATH} /usr/bin/python3 -W ignore:setup.py install is deprecated -W ignore:easy_install command is deprecated setup.py develop --editable --build-directory /home/ovidiu/robot_ws/build/robot_controller/build --no-deps symlink_data --force
[14.562s] INFO:colcon.colcon_core.shell:Creating environment hook '/home/ovidiu/robot_ws/build/robot_controller/share/robot_controller/hook/pythonpath_develop.sh'
[14.627s] Level 1:colcon.colcon_core.environment:checking '/home/ovidiu/robot_ws/install/robot_controller' for CMake module files
[14.639s] Level 1:colcon.colcon_core.environment:checking '/home/ovidiu/robot_ws/install/robot_controller' for CMake config files
[14.653s] Level 1:colcon.colcon_core.environment:checking '/home/ovidiu/robot_ws/install/robot_controller/lib'
[14.659s] Level 1:colcon.colcon_core.environment:checking '/home/ovidiu/robot_ws/install/robot_controller/bin'
[14.660s] Level 1:colcon.colcon_core.environment:checking '/home/ovidiu/robot_ws/install/robot_controller/lib/pkgconfig/robot_controller.pc'
[14.661s] Level 1:colcon.colcon_core.environment:checking '/home/ovidiu/robot_ws/install/robot_controller/lib/python3.10/site-packages'
[14.662s] Level 1:colcon.colcon_core.shell:create_environment_hook('robot_controller', 'pythonpath')
[14.667s] INFO:colcon.colcon_core.shell:Creating environment hook '/home/ovidiu/robot_ws/install/robot_controller/share/robot_controller/hook/pythonpath.ps1'
[14.672s] INFO:colcon.colcon_core.shell:Creating environment descriptor '/home/ovidiu/robot_ws/install/robot_controller/share/robot_controller/hook/pythonpath.dsv'
[14.676s] INFO:colcon.colcon_core.shell:Creating environment hook '/home/ovidiu/robot_ws/install/robot_controller/share/robot_controller/hook/pythonpath.sh'
[14.682s] Level 1:colcon.colcon_core.environment:checking '/home/ovidiu/robot_ws/install/robot_controller/bin'
[14.683s] Level 1:colcon.colcon_core.environment:create_environment_scripts_only(robot_controller)
[14.686s] INFO:colcon.colcon_core.shell:Creating package script '/home/ovidiu/robot_ws/install/robot_controller/share/robot_controller/package.ps1'
[14.695s] INFO:colcon.colcon_core.shell:Creating package descriptor '/home/ovidiu/robot_ws/install/robot_controller/share/robot_controller/package.dsv'
[14.705s] INFO:colcon.colcon_core.shell:Creating package script '/home/ovidiu/robot_ws/install/robot_controller/share/robot_controller/package.sh'
[14.715s] INFO:colcon.colcon_core.shell:Creating package script '/home/ovidiu/robot_ws/install/robot_controller/share/robot_controller/package.bash'
[14.722s] INFO:colcon.colcon_core.shell:Creating package script '/home/ovidiu/robot_ws/install/robot_controller/share/robot_controller/package.zsh'
[14.729s] Level 1:colcon.colcon_core.environment:create_file_with_runtime_dependencies(/home/ovidiu/robot_ws/install/robot_controller/share/colcon-core/packages/robot_controller)
[14.744s] DEBUG:colcon.colcon_parallel_executor.executor.parallel:closing loop
[14.745s] DEBUG:colcon.colcon_parallel_executor.executor.parallel:loop closed
[14.747s] DEBUG:colcon.colcon_parallel_executor.executor.parallel:run_until_complete finished with '0'
[14.748s] DEBUG:colcon.colcon_core.event_reactor:joining thread
[14.848s] INFO:colcon.colcon_core.plugin_system:Skipping extension 'colcon_notification.desktop_notification.terminal_notifier': Not used on non-Darwin systems
[14.849s] INFO:colcon.colcon_core.plugin_system:Skipping extension 'colcon_notification.desktop_notification.win32': Not used on non-Windows systems
[14.850s] INFO:colcon.colcon_notification.desktop_notification:Sending desktop notification using 'notify2'
[14.934s] DEBUG:colcon.colcon_core.event_reactor:joined thread
[14.936s] INFO:colcon.colcon_core.shell:Creating prefix script '/home/ovidiu/robot_ws/install/local_setup.ps1'
[14.953s] INFO:colcon.colcon_core.shell:Creating prefix util module '/home/ovidiu/robot_ws/install/_local_setup_util_ps1.py'
[14.965s] INFO:colcon.colcon_core.shell:Creating prefix chain script '/home/ovidiu/robot_ws/install/setup.ps1'
[14.974s] INFO:colcon.colcon_core.shell:Creating prefix script '/home/ovidiu/robot_ws/install/local_setup.sh'
[14.980s] INFO:colcon.colcon_core.shell:Creating prefix util module '/home/ovidiu/robot_ws/install/_local_setup_util_sh.py'
[14.997s] INFO:colcon.colcon_core.shell:Creating prefix chain script '/home/ovidiu/robot_ws/install/setup.sh'
[15.013s] INFO:colcon.colcon_core.shell:Creating prefix script '/home/ovidiu/robot_ws/install/local_setup.bash'
[15.025s] INFO:colcon.colcon_core.shell:Creating prefix chain script '/home/ovidiu/robot_ws/install/setup.bash'
[15.036s] INFO:colcon.colcon_core.shell:Creating prefix script '/home/ovidiu/robot_ws/install/local_setup.zsh'
[15.042s] INFO:colcon.colcon_core.shell:Creating prefix chain script '/home/ovidiu/robot_ws/install/setup.zsh'
