[4.840s] Invoking command in '/home/ovidiu/robot_ws/src/robot_controller': PYTHONPATH=/home/ovidiu/robot_ws/build/robot_controller/prefix_override:/usr/lib/python3/dist-packages/colcon_core/task/python/colcon_distutils_commands:/home/ovidiu/robot_ws/install/robot_controller/lib/python3.10/site-packages:${PYTHONPATH} /usr/bin/python3 -W ignore:setup.py install is deprecated -W ignore:easy_install command is deprecated setup.py egg_info --egg-base ../../build/robot_controller build --build-base /home/ovidiu/robot_ws/build/robot_controller/build install --record /home/ovidiu/robot_ws/build/robot_controller/install.log --single-version-externally-managed install_data
[6.819s] running egg_info
[6.822s] writing ../../build/robot_controller/robot_controller.egg-info/PKG-INFO
[6.823s] writing dependency_links to ../../build/robot_controller/robot_controller.egg-info/dependency_links.txt
[6.824s] writing entry points to ../../build/robot_controller/robot_controller.egg-info/entry_points.txt
[6.826s] writing requirements to ../../build/robot_controller/robot_controller.egg-info/requires.txt
[6.827s] writing top-level names to ../../build/robot_controller/robot_controller.egg-info/top_level.txt
[6.840s] reading manifest file '../../build/robot_controller/robot_controller.egg-info/SOURCES.txt'
[6.850s] writing manifest file '../../build/robot_controller/robot_controller.egg-info/SOURCES.txt'
[6.851s] running build
[6.851s] running build_py
[6.852s] running install
[6.853s] running install_lib
[6.861s] running install_data
[6.863s] copying launch/robot_bringup.launch.py -> /home/ovidiu/robot_ws/install/robot_controller/share/robot_controller/launch
[6.864s] running install_egg_info
[6.871s] removing '/home/ovidiu/robot_ws/install/robot_controller/lib/python3.10/site-packages/robot_controller-0.0.0-py3.10.egg-info' (and everything under it)
[6.877s] Copying ../../build/robot_controller/robot_controller.egg-info to /home/ovidiu/robot_ws/install/robot_controller/lib/python3.10/site-packages/robot_controller-0.0.0-py3.10.egg-info
[6.886s] running install_scripts
[7.007s] Installing arduino_interface script to /home/ovidiu/robot_ws/install/robot_controller/lib/robot_controller
[7.010s] Installing motor_controller script to /home/ovidiu/robot_ws/install/robot_controller/lib/robot_controller
[7.015s] Installing odometry_publisher script to /home/ovidiu/robot_ws/install/robot_controller/lib/robot_controller
[7.025s] Installing tf_broadcaster script to /home/ovidiu/robot_ws/install/robot_controller/lib/robot_controller
[7.034s] writing list of installed files to '/home/ovidiu/robot_ws/build/robot_controller/install.log'
[7.260s] Invoked command in '/home/ovidiu/robot_ws/src/robot_controller' returned '0': PYTHONPATH=/home/ovidiu/robot_ws/build/robot_controller/prefix_override:/usr/lib/python3/dist-packages/colcon_core/task/python/colcon_distutils_commands:/home/ovidiu/robot_ws/install/robot_controller/lib/python3.10/site-packages:${PYTHONPATH} /usr/bin/python3 -W ignore:setup.py install is deprecated -W ignore:easy_install command is deprecated setup.py egg_info --egg-base ../../build/robot_controller build --build-base /home/ovidiu/robot_ws/build/robot_controller/build install --record /home/ovidiu/robot_ws/build/robot_controller/install.log --single-version-externally-managed install_data
