[4.863s] Invoking command in '/home/ovidiu/robot_ws/build/robot_controller': PYTHONPATH=/home/ovidiu/robot_ws/build/robot_controller/prefix_override:/usr/lib/python3/dist-packages/colcon_core/task/python/colcon_distutils_commands:/home/ovidiu/robot_ws/install/robot_controller/lib/python3.10/site-packages:${PYTHONPATH} /usr/bin/python3 -W ignore:setup.py install is deprecated -W ignore:easy_install command is deprecated setup.py develop --editable --build-directory /home/ovidiu/robot_ws/build/robot_controller/build --no-deps symlink_data
[6.882s] running develop
[8.490s] running egg_info
[8.491s] writing robot_controller.egg-info/PKG-INFO
[8.493s] writing dependency_links to robot_controller.egg-info/dependency_links.txt
[8.494s] writing entry points to robot_controller.egg-info/entry_points.txt
[8.495s] writing requirements to robot_controller.egg-info/requires.txt
[8.496s] writing top-level names to robot_controller.egg-info/top_level.txt
[8.506s] reading manifest file 'robot_controller.egg-info/SOURCES.txt'
[8.512s] writing manifest file 'robot_controller.egg-info/SOURCES.txt'
[8.521s] running build_ext
[8.521s] Creating /home/ovidiu/robot_ws/install/robot_controller/lib/python3.10/site-packages/robot-controller.egg-link (link to .)
[8.526s] Installing arduino_interface script to /home/ovidiu/robot_ws/install/robot_controller/lib/robot_controller
[8.527s] Installing fake_lidar_node script to /home/ovidiu/robot_ws/install/robot_controller/lib/robot_controller
[8.528s] Installing fake_odometry_node script to /home/ovidiu/robot_ws/install/robot_controller/lib/robot_controller
[8.529s] Installing motor_controller script to /home/ovidiu/robot_ws/install/robot_controller/lib/robot_controller
[8.529s] Installing odometry_publisher script to /home/ovidiu/robot_ws/install/robot_controller/lib/robot_controller
[8.530s] Installing tf_broadcaster script to /home/ovidiu/robot_ws/install/robot_controller/lib/robot_controller
[8.532s] 
[8.533s] Installed /home/ovidiu/robot_ws/build/robot_controller
[8.533s] running symlink_data
[8.769s] Invoked command in '/home/ovidiu/robot_ws/build/robot_controller' returned '0': PYTHONPATH=/home/ovidiu/robot_ws/build/robot_controller/prefix_override:/usr/lib/python3/dist-packages/colcon_core/task/python/colcon_distutils_commands:/home/ovidiu/robot_ws/install/robot_controller/lib/python3.10/site-packages:${PYTHONPATH} /usr/bin/python3 -W ignore:setup.py install is deprecated -W ignore:easy_install command is deprecated setup.py develop --editable --build-directory /home/ovidiu/robot_ws/build/robot_controller/build --no-deps symlink_data
