[1.857s] DEBUG:colcon:Command line arguments: ['/usr/bin/colcon', 'build']
[1.858s] DEBUG:colcon:Parsed command line arguments: Namespace(log_base=None, log_level=None, verb_name='build', build_base='build', install_base='install', merge_install=False, symlink_install=False, test_result_base=None, continue_on_error=False, executor='parallel', parallel_workers=4, event_handlers=None, ignore_user_meta=False, metas=['./colcon.meta'], base_paths=['.'], packages_ignore=None, packages_ignore_regex=None, paths=None, packages_up_to=None, packages_up_to_regex=None, packages_above=None, packages_above_and_dependencies=None, packages_above_depth=None, packages_select_by_dep=None, packages_skip_by_dep=None, packages_skip_up_to=None, packages_select_build_failed=False, packages_skip_build_finished=False, packages_select_test_failures=False, packages_skip_test_passed=False, packages_select=None, packages_skip=None, packages_select_regex=None, packages_skip_regex=None, packages_start=None, packages_end=None, allow_overriding=[], cmake_args=None, cmake_target=None, cmake_target_skip_unavailable=False, cmake_clean_cache=False, cmake_clean_first=False, cmake_force_configure=False, ament_cmake_args=None, catkin_cmake_args=None, catkin_skip_building_tests=False, mixin_files=None, mixin=None, verb_parser=<colcon_mixin.mixin.mixin_argument.MixinArgumentDecorator object at 0xffff83926110>, verb_extension=<colcon_core.verb.build.BuildVerb object at 0xffff83ae3040>, main=<bound method BuildVerb.main of <colcon_core.verb.build.BuildVerb object at 0xffff83ae3040>>, mixin_verb=('build',))
[3.898s] Level 1:colcon.colcon_core.package_discovery:discover_packages(colcon_meta) check parameters
[3.899s] Level 1:colcon.colcon_core.package_discovery:discover_packages(recursive) check parameters
[3.899s] Level 1:colcon.colcon_core.package_discovery:discover_packages(ignore) check parameters
[3.900s] Level 1:colcon.colcon_core.package_discovery:discover_packages(path) check parameters
[3.900s] Level 1:colcon.colcon_core.package_discovery:discover_packages(colcon_meta) discover
[3.900s] Level 1:colcon.colcon_core.package_discovery:discover_packages(recursive) discover
[3.901s] INFO:colcon.colcon_core.package_discovery:Crawling recursively for packages in '/home/ovidiu/robot_ws'
[3.902s] Level 1:colcon.colcon_core.package_identification:_identify(.) by extensions ['ignore', 'ignore_ament_install']
[3.902s] Level 1:colcon.colcon_core.package_identification:_identify(.) by extension 'ignore'
[3.903s] Level 1:colcon.colcon_core.package_identification:_identify(.) by extension 'ignore_ament_install'
[3.903s] Level 1:colcon.colcon_core.package_identification:_identify(.) by extensions ['colcon_pkg']
[3.904s] Level 1:colcon.colcon_core.package_identification:_identify(.) by extension 'colcon_pkg'
[3.904s] Level 1:colcon.colcon_core.package_identification:_identify(.) by extensions ['colcon_meta']
[3.905s] Level 1:colcon.colcon_core.package_identification:_identify(.) by extension 'colcon_meta'
[3.906s] Level 1:colcon.colcon_core.package_identification:_identify(.) by extensions ['ros']
[3.906s] Level 1:colcon.colcon_core.package_identification:_identify(.) by extension 'ros'
[4.005s] Level 1:colcon.colcon_core.package_identification:_identify(.) by extensions ['cmake', 'python']
[4.006s] Level 1:colcon.colcon_core.package_identification:_identify(.) by extension 'cmake'
[4.006s] Level 1:colcon.colcon_core.package_identification:_identify(.) by extension 'python'
[4.007s] Level 1:colcon.colcon_core.package_identification:_identify(.) by extensions ['python_setup_py']
[4.007s] Level 1:colcon.colcon_core.package_identification:_identify(.) by extension 'python_setup_py'
[4.008s] Level 1:colcon.colcon_core.package_identification:_identify(build) by extensions ['ignore', 'ignore_ament_install']
[4.009s] Level 1:colcon.colcon_core.package_identification:_identify(build) by extension 'ignore'
[4.010s] Level 1:colcon.colcon_core.package_identification:_identify(build) ignored
[4.011s] Level 1:colcon.colcon_core.package_identification:_identify(install) by extensions ['ignore', 'ignore_ament_install']
[4.012s] Level 1:colcon.colcon_core.package_identification:_identify(install) by extension 'ignore'
[4.012s] Level 1:colcon.colcon_core.package_identification:_identify(install) ignored
[4.013s] Level 1:colcon.colcon_core.package_identification:_identify(log) by extensions ['ignore', 'ignore_ament_install']
[4.014s] Level 1:colcon.colcon_core.package_identification:_identify(log) by extension 'ignore'
[4.014s] Level 1:colcon.colcon_core.package_identification:_identify(log) ignored
[4.014s] Level 1:colcon.colcon_core.package_identification:_identify(src) by extensions ['ignore', 'ignore_ament_install']
[4.015s] Level 1:colcon.colcon_core.package_identification:_identify(src) by extension 'ignore'
[4.015s] Level 1:colcon.colcon_core.package_identification:_identify(src) by extension 'ignore_ament_install'
[4.015s] Level 1:colcon.colcon_core.package_identification:_identify(src) by extensions ['colcon_pkg']
[4.015s] Level 1:colcon.colcon_core.package_identification:_identify(src) by extension 'colcon_pkg'
[4.016s] Level 1:colcon.colcon_core.package_identification:_identify(src) by extensions ['colcon_meta']
[4.016s] Level 1:colcon.colcon_core.package_identification:_identify(src) by extension 'colcon_meta'
[4.016s] Level 1:colcon.colcon_core.package_identification:_identify(src) by extensions ['ros']
[4.016s] Level 1:colcon.colcon_core.package_identification:_identify(src) by extension 'ros'
[4.017s] Level 1:colcon.colcon_core.package_identification:_identify(src) by extensions ['cmake', 'python']
[4.017s] Level 1:colcon.colcon_core.package_identification:_identify(src) by extension 'cmake'
[4.017s] Level 1:colcon.colcon_core.package_identification:_identify(src) by extension 'python'
[4.019s] Level 1:colcon.colcon_core.package_identification:_identify(src) by extensions ['python_setup_py']
[4.020s] Level 1:colcon.colcon_core.package_identification:_identify(src) by extension 'python_setup_py'
[4.022s] Level 1:colcon.colcon_core.package_identification:_identify(src/robot_controller) by extensions ['ignore', 'ignore_ament_install']
[4.024s] Level 1:colcon.colcon_core.package_identification:_identify(src/robot_controller) by extension 'ignore'
[4.025s] Level 1:colcon.colcon_core.package_identification:_identify(src/robot_controller) by extension 'ignore_ament_install'
[4.027s] Level 1:colcon.colcon_core.package_identification:_identify(src/robot_controller) by extensions ['colcon_pkg']
[4.028s] Level 1:colcon.colcon_core.package_identification:_identify(src/robot_controller) by extension 'colcon_pkg'
[4.029s] Level 1:colcon.colcon_core.package_identification:_identify(src/robot_controller) by extensions ['colcon_meta']
[4.029s] Level 1:colcon.colcon_core.package_identification:_identify(src/robot_controller) by extension 'colcon_meta'
[4.030s] Level 1:colcon.colcon_core.package_identification:_identify(src/robot_controller) by extensions ['ros']
[4.030s] Level 1:colcon.colcon_core.package_identification:_identify(src/robot_controller) by extension 'ros'
[4.045s] DEBUG:colcon.colcon_core.package_identification:Package 'src/robot_controller' with type 'ros.ament_python' and name 'robot_controller'
[4.045s] Level 1:colcon.colcon_core.package_discovery:discover_packages(recursive) using defaults
[4.046s] Level 1:colcon.colcon_core.package_discovery:discover_packages(ignore) discover
[4.046s] Level 1:colcon.colcon_core.package_discovery:discover_packages(ignore) using defaults
[4.046s] Level 1:colcon.colcon_core.package_discovery:discover_packages(path) discover
[4.046s] Level 1:colcon.colcon_core.package_discovery:discover_packages(path) using defaults
[4.291s] Level 1:colcon.colcon_core.package_discovery:discover_packages(prefix_path) check parameters
[4.291s] Level 1:colcon.colcon_core.package_discovery:discover_packages(prefix_path) discover
[4.332s] DEBUG:colcon.colcon_installed_package_information.package_discovery:Found 337 installed packages in /opt/ros/humble
[4.344s] Level 1:colcon.colcon_core.package_discovery:discover_packages(prefix_path) using defaults
[4.942s] Level 5:colcon.colcon_core.verb:set package 'robot_controller' build argument 'cmake_args' from command line to 'None'
[4.943s] Level 5:colcon.colcon_core.verb:set package 'robot_controller' build argument 'cmake_target' from command line to 'None'
[4.944s] Level 5:colcon.colcon_core.verb:set package 'robot_controller' build argument 'cmake_target_skip_unavailable' from command line to 'False'
[4.944s] Level 5:colcon.colcon_core.verb:set package 'robot_controller' build argument 'cmake_clean_cache' from command line to 'False'
[4.945s] Level 5:colcon.colcon_core.verb:set package 'robot_controller' build argument 'cmake_clean_first' from command line to 'False'
[4.946s] Level 5:colcon.colcon_core.verb:set package 'robot_controller' build argument 'cmake_force_configure' from command line to 'False'
[4.947s] Level 5:colcon.colcon_core.verb:set package 'robot_controller' build argument 'ament_cmake_args' from command line to 'None'
[4.947s] Level 5:colcon.colcon_core.verb:set package 'robot_controller' build argument 'catkin_cmake_args' from command line to 'None'
[4.948s] Level 5:colcon.colcon_core.verb:set package 'robot_controller' build argument 'catkin_skip_building_tests' from command line to 'False'
[4.948s] DEBUG:colcon.colcon_core.verb:Building package 'robot_controller' with the following arguments: {'ament_cmake_args': None, 'build_base': '/home/ovidiu/robot_ws/build/robot_controller', 'catkin_cmake_args': None, 'catkin_skip_building_tests': False, 'cmake_args': None, 'cmake_clean_cache': False, 'cmake_clean_first': False, 'cmake_force_configure': False, 'cmake_target': None, 'cmake_target_skip_unavailable': False, 'install_base': '/home/ovidiu/robot_ws/install/robot_controller', 'merge_install': False, 'path': '/home/ovidiu/robot_ws/src/robot_controller', 'symlink_install': False, 'test_result_base': None}
[4.949s] INFO:colcon.colcon_core.executor:Executing jobs using 'parallel' executor
[4.953s] DEBUG:colcon.colcon_parallel_executor.executor.parallel:run_until_complete
[4.954s] INFO:colcon.colcon_ros.task.ament_python.build:Building ROS package in '/home/ovidiu/robot_ws/src/robot_controller' with build type 'ament_python'
[4.955s] Level 1:colcon.colcon_core.shell:create_environment_hook('robot_controller', 'ament_prefix_path')
[4.983s] INFO:colcon.colcon_core.plugin_system:Skipping extension 'colcon_core.shell.bat': Not used on non-Windows systems
[4.984s] INFO:colcon.colcon_core.shell:Creating environment hook '/home/ovidiu/robot_ws/install/robot_controller/share/robot_controller/hook/ament_prefix_path.ps1'
[4.988s] INFO:colcon.colcon_core.shell:Creating environment descriptor '/home/ovidiu/robot_ws/install/robot_controller/share/robot_controller/hook/ament_prefix_path.dsv'
[4.992s] INFO:colcon.colcon_core.shell:Creating environment hook '/home/ovidiu/robot_ws/install/robot_controller/share/robot_controller/hook/ament_prefix_path.sh'
[4.998s] INFO:colcon.colcon_core.shell:Skip shell extension 'powershell' for command environment: Not usable outside of PowerShell
[4.998s] DEBUG:colcon.colcon_core.shell:Skip shell extension 'dsv' for command environment
[7.469s] INFO:colcon.colcon_core.task.python.build:Building Python package in '/home/ovidiu/robot_ws/src/robot_controller'
[7.472s] INFO:colcon.colcon_core.shell:Skip shell extension 'powershell' for command environment: Not usable outside of PowerShell
[7.473s] DEBUG:colcon.colcon_core.shell:Skip shell extension 'dsv' for command environment
[10.607s] DEBUG:colcon.colcon_core.event_handler.log_command:Invoking command in '/home/ovidiu/robot_ws/src/robot_controller': PYTHONPATH=/home/ovidiu/robot_ws/build/robot_controller/prefix_override:/usr/lib/python3/dist-packages/colcon_core/task/python/colcon_distutils_commands:/home/ovidiu/robot_ws/install/robot_controller/lib/python3.10/site-packages:${PYTHONPATH} /usr/bin/python3 -W ignore:setup.py install is deprecated -W ignore:easy_install command is deprecated setup.py egg_info --egg-base ../../build/robot_controller build --build-base /home/ovidiu/robot_ws/build/robot_controller/build install --record /home/ovidiu/robot_ws/build/robot_controller/install.log --single-version-externally-managed install_data
[13.492s] DEBUG:colcon.colcon_core.event_handler.log_command:Invoked command in '/home/ovidiu/robot_ws/src/robot_controller' returned '0': PYTHONPATH=/home/ovidiu/robot_ws/build/robot_controller/prefix_override:/usr/lib/python3/dist-packages/colcon_core/task/python/colcon_distutils_commands:/home/ovidiu/robot_ws/install/robot_controller/lib/python3.10/site-packages:${PYTHONPATH} /usr/bin/python3 -W ignore:setup.py install is deprecated -W ignore:easy_install command is deprecated setup.py egg_info --egg-base ../../build/robot_controller build --build-base /home/ovidiu/robot_ws/build/robot_controller/build install --record /home/ovidiu/robot_ws/build/robot_controller/install.log --single-version-externally-managed install_data
[13.537s] Level 1:colcon.colcon_core.environment:checking '/home/ovidiu/robot_ws/install/robot_controller' for CMake module files
[13.541s] Level 1:colcon.colcon_core.environment:checking '/home/ovidiu/robot_ws/install/robot_controller' for CMake config files
[13.549s] Level 1:colcon.colcon_core.environment:checking '/home/ovidiu/robot_ws/install/robot_controller/lib'
[13.553s] Level 1:colcon.colcon_core.environment:checking '/home/ovidiu/robot_ws/install/robot_controller/bin'
[13.555s] Level 1:colcon.colcon_core.environment:checking '/home/ovidiu/robot_ws/install/robot_controller/lib/pkgconfig/robot_controller.pc'
[13.558s] Level 1:colcon.colcon_core.environment:checking '/home/ovidiu/robot_ws/install/robot_controller/lib/python3.10/site-packages'
[13.559s] Level 1:colcon.colcon_core.shell:create_environment_hook('robot_controller', 'pythonpath')
[13.561s] INFO:colcon.colcon_core.shell:Creating environment hook '/home/ovidiu/robot_ws/install/robot_controller/share/robot_controller/hook/pythonpath.ps1'
[13.565s] INFO:colcon.colcon_core.shell:Creating environment descriptor '/home/ovidiu/robot_ws/install/robot_controller/share/robot_controller/hook/pythonpath.dsv'
[13.570s] INFO:colcon.colcon_core.shell:Creating environment hook '/home/ovidiu/robot_ws/install/robot_controller/share/robot_controller/hook/pythonpath.sh'
[13.576s] Level 1:colcon.colcon_core.environment:checking '/home/ovidiu/robot_ws/install/robot_controller/bin'
[13.587s] Level 1:colcon.colcon_core.environment:create_environment_scripts_only(robot_controller)
[13.591s] INFO:colcon.colcon_core.shell:Creating package script '/home/ovidiu/robot_ws/install/robot_controller/share/robot_controller/package.ps1'
[13.601s] INFO:colcon.colcon_core.shell:Creating package descriptor '/home/ovidiu/robot_ws/install/robot_controller/share/robot_controller/package.dsv'
[13.612s] INFO:colcon.colcon_core.shell:Creating package script '/home/ovidiu/robot_ws/install/robot_controller/share/robot_controller/package.sh'
[13.630s] INFO:colcon.colcon_core.shell:Creating package script '/home/ovidiu/robot_ws/install/robot_controller/share/robot_controller/package.bash'
[13.643s] INFO:colcon.colcon_core.shell:Creating package script '/home/ovidiu/robot_ws/install/robot_controller/share/robot_controller/package.zsh'
[13.653s] Level 1:colcon.colcon_core.environment:create_file_with_runtime_dependencies(/home/ovidiu/robot_ws/install/robot_controller/share/colcon-core/packages/robot_controller)
[13.660s] DEBUG:colcon.colcon_parallel_executor.executor.parallel:closing loop
[13.663s] DEBUG:colcon.colcon_parallel_executor.executor.parallel:loop closed
[13.663s] DEBUG:colcon.colcon_parallel_executor.executor.parallel:run_until_complete finished with '0'
[13.664s] DEBUG:colcon.colcon_core.event_reactor:joining thread
[13.741s] INFO:colcon.colcon_core.plugin_system:Skipping extension 'colcon_notification.desktop_notification.terminal_notifier': Not used on non-Darwin systems
[13.742s] INFO:colcon.colcon_core.plugin_system:Skipping extension 'colcon_notification.desktop_notification.win32': Not used on non-Windows systems
[13.743s] INFO:colcon.colcon_notification.desktop_notification:Sending desktop notification using 'notify2'
[20.079s] DEBUG:colcon.colcon_core.event_reactor:joined thread
[20.082s] INFO:colcon.colcon_core.shell:Creating prefix script '/home/ovidiu/robot_ws/install/local_setup.ps1'
[20.094s] INFO:colcon.colcon_core.shell:Creating prefix util module '/home/ovidiu/robot_ws/install/_local_setup_util_ps1.py'
[20.113s] INFO:colcon.colcon_core.shell:Creating prefix chain script '/home/ovidiu/robot_ws/install/setup.ps1'
[20.127s] INFO:colcon.colcon_core.shell:Creating prefix script '/home/ovidiu/robot_ws/install/local_setup.sh'
[20.142s] INFO:colcon.colcon_core.shell:Creating prefix util module '/home/ovidiu/robot_ws/install/_local_setup_util_sh.py'
[20.156s] INFO:colcon.colcon_core.shell:Creating prefix chain script '/home/ovidiu/robot_ws/install/setup.sh'
[20.171s] INFO:colcon.colcon_core.shell:Creating prefix script '/home/ovidiu/robot_ws/install/local_setup.bash'
[20.190s] INFO:colcon.colcon_core.shell:Creating prefix chain script '/home/ovidiu/robot_ws/install/setup.bash'
[20.202s] INFO:colcon.colcon_core.shell:Creating prefix script '/home/ovidiu/robot_ws/install/local_setup.zsh'
[20.212s] INFO:colcon.colcon_core.shell:Creating prefix chain script '/home/ovidiu/robot_ws/install/setup.zsh'
