[2.967s] Invoking command in '/home/ovidiu/robot_ws/src/robot_controller': PYTHONPATH=/home/ovidiu/robot_ws/build/robot_controller/prefix_override:/usr/lib/python3/dist-packages/colcon_core/task/python/colcon_distutils_commands:/home/ovidiu/robot_ws/install/robot_controller/lib/python3.10/site-packages:${PYTHONPATH} /usr/bin/python3 -W ignore:setup.py install is deprecated -W ignore:easy_install command is deprecated setup.py egg_info --egg-base ../../build/robot_controller build --build-base /home/ovidiu/robot_ws/build/robot_controller/build install --record /home/ovidiu/robot_ws/build/robot_controller/install.log --single-version-externally-managed install_data
[4.132s] running egg_info
[4.135s] writing ../../build/robot_controller/robot_controller.egg-info/PKG-INFO
[4.136s] writing dependency_links to ../../build/robot_controller/robot_controller.egg-info/dependency_links.txt
[4.138s] writing entry points to ../../build/robot_controller/robot_controller.egg-info/entry_points.txt
[4.140s] writing requirements to ../../build/robot_controller/robot_controller.egg-info/requires.txt
[4.140s] writing top-level names to ../../build/robot_controller/robot_controller.egg-info/top_level.txt
[4.148s] reading manifest file '../../build/robot_controller/robot_controller.egg-info/SOURCES.txt'
[4.151s] writing manifest file '../../build/robot_controller/robot_controller.egg-info/SOURCES.txt'
[4.152s] running build
[4.152s] running build_py
[4.153s] copying robot_controller/odometry_publisher.py -> /home/ovidiu/robot_ws/build/robot_controller/build/lib/robot_controller
[4.156s] running install
[4.158s] running install_lib
[4.162s] copying /home/ovidiu/robot_ws/build/robot_controller/build/lib/robot_controller/odometry_publisher.py -> /home/ovidiu/robot_ws/install/robot_controller/lib/python3.10/site-packages/robot_controller
[4.165s] byte-compiling /home/ovidiu/robot_ws/install/robot_controller/lib/python3.10/site-packages/robot_controller/odometry_publisher.py to odometry_publisher.cpython-310.pyc
[4.169s] running install_data
[4.170s] running install_egg_info
[4.176s] removing '/home/ovidiu/robot_ws/install/robot_controller/lib/python3.10/site-packages/robot_controller-0.0.0-py3.10.egg-info' (and everything under it)
[4.179s] Copying ../../build/robot_controller/robot_controller.egg-info to /home/ovidiu/robot_ws/install/robot_controller/lib/python3.10/site-packages/robot_controller-0.0.0-py3.10.egg-info
[4.184s] running install_scripts
[4.272s] Installing arduino_interface script to /home/ovidiu/robot_ws/install/robot_controller/lib/robot_controller
[4.272s] Installing motor_controller script to /home/ovidiu/robot_ws/install/robot_controller/lib/robot_controller
[4.273s] Installing odometry_publisher script to /home/ovidiu/robot_ws/install/robot_controller/lib/robot_controller
[4.274s] Installing tf_broadcaster script to /home/ovidiu/robot_ws/install/robot_controller/lib/robot_controller
[4.276s] writing list of installed files to '/home/ovidiu/robot_ws/build/robot_controller/install.log'
[4.426s] Invoked command in '/home/ovidiu/robot_ws/src/robot_controller' returned '0': PYTHONPATH=/home/ovidiu/robot_ws/build/robot_controller/prefix_override:/usr/lib/python3/dist-packages/colcon_core/task/python/colcon_distutils_commands:/home/ovidiu/robot_ws/install/robot_controller/lib/python3.10/site-packages:${PYTHONPATH} /usr/bin/python3 -W ignore:setup.py install is deprecated -W ignore:easy_install command is deprecated setup.py egg_info --egg-base ../../build/robot_controller build --build-base /home/ovidiu/robot_ws/build/robot_controller/build install --record /home/ovidiu/robot_ws/build/robot_controller/install.log --single-version-externally-managed install_data
