[2.260s] DEBUG:colcon:Command line arguments: ['/usr/bin/colcon', 'build']
[2.260s] DEBUG:colcon:Parsed command line arguments: Namespace(log_base=None, log_level=None, verb_name='build', build_base='build', install_base='install', merge_install=False, symlink_install=False, test_result_base=None, continue_on_error=False, executor='parallel', parallel_workers=4, event_handlers=None, ignore_user_meta=False, metas=['./colcon.meta'], base_paths=['.'], packages_ignore=None, packages_ignore_regex=None, paths=None, packages_up_to=None, packages_up_to_regex=None, packages_above=None, packages_above_and_dependencies=None, packages_above_depth=None, packages_select_by_dep=None, packages_skip_by_dep=None, packages_skip_up_to=None, packages_select_build_failed=False, packages_skip_build_finished=False, packages_select_test_failures=False, packages_skip_test_passed=False, packages_select=None, packages_skip=None, packages_select_regex=None, packages_skip_regex=None, packages_start=None, packages_end=None, allow_overriding=[], cmake_args=None, cmake_target=None, cmake_target_skip_unavailable=False, cmake_clean_cache=False, cmake_clean_first=False, cmake_force_configure=False, ament_cmake_args=None, catkin_cmake_args=None, catkin_skip_building_tests=False, mixin_files=None, mixin=None, verb_parser=<colcon_mixin.mixin.mixin_argument.MixinArgumentDecorator object at 0xffffa6e12950>, verb_extension=<colcon_core.verb.build.BuildVerb object at 0xffffa6fc7880>, main=<bound method BuildVerb.main of <colcon_core.verb.build.BuildVerb object at 0xffffa6fc7880>>, mixin_verb=('build',))
[5.497s] Level 1:colcon.colcon_core.package_discovery:discover_packages(colcon_meta) check parameters
[5.498s] Level 1:colcon.colcon_core.package_discovery:discover_packages(recursive) check parameters
[5.498s] Level 1:colcon.colcon_core.package_discovery:discover_packages(ignore) check parameters
[5.498s] Level 1:colcon.colcon_core.package_discovery:discover_packages(path) check parameters
[5.498s] Level 1:colcon.colcon_core.package_discovery:discover_packages(colcon_meta) discover
[5.499s] Level 1:colcon.colcon_core.package_discovery:discover_packages(recursive) discover
[5.499s] INFO:colcon.colcon_core.package_discovery:Crawling recursively for packages in '/home/ovidiu/robot_ws'
[5.500s] Level 1:colcon.colcon_core.package_identification:_identify(.) by extensions ['ignore', 'ignore_ament_install']
[5.501s] Level 1:colcon.colcon_core.package_identification:_identify(.) by extension 'ignore'
[5.501s] Level 1:colcon.colcon_core.package_identification:_identify(.) by extension 'ignore_ament_install'
[5.502s] Level 1:colcon.colcon_core.package_identification:_identify(.) by extensions ['colcon_pkg']
[5.502s] Level 1:colcon.colcon_core.package_identification:_identify(.) by extension 'colcon_pkg'
[5.504s] Level 1:colcon.colcon_core.package_identification:_identify(.) by extensions ['colcon_meta']
[5.505s] Level 1:colcon.colcon_core.package_identification:_identify(.) by extension 'colcon_meta'
[5.507s] Level 1:colcon.colcon_core.package_identification:_identify(.) by extensions ['ros']
[5.508s] Level 1:colcon.colcon_core.package_identification:_identify(.) by extension 'ros'
[5.648s] Level 1:colcon.colcon_core.package_identification:_identify(.) by extensions ['cmake', 'python']
[5.648s] Level 1:colcon.colcon_core.package_identification:_identify(.) by extension 'cmake'
[5.654s] Level 1:colcon.colcon_core.package_identification:_identify(.) by extension 'python'
[5.654s] Level 1:colcon.colcon_core.package_identification:_identify(.) by extensions ['python_setup_py']
[5.655s] Level 1:colcon.colcon_core.package_identification:_identify(.) by extension 'python_setup_py'
[5.659s] Level 1:colcon.colcon_core.package_identification:_identify(build) by extensions ['ignore', 'ignore_ament_install']
[5.661s] Level 1:colcon.colcon_core.package_identification:_identify(build) by extension 'ignore'
[5.663s] Level 1:colcon.colcon_core.package_identification:_identify(build) ignored
[5.667s] Level 1:colcon.colcon_core.package_identification:_identify(install) by extensions ['ignore', 'ignore_ament_install']
[5.667s] Level 1:colcon.colcon_core.package_identification:_identify(install) by extension 'ignore'
[5.669s] Level 1:colcon.colcon_core.package_identification:_identify(install) ignored
[5.677s] Level 1:colcon.colcon_core.package_identification:_identify(log) by extensions ['ignore', 'ignore_ament_install']
[5.677s] Level 1:colcon.colcon_core.package_identification:_identify(log) by extension 'ignore'
[5.678s] Level 1:colcon.colcon_core.package_identification:_identify(log) ignored
[5.679s] Level 1:colcon.colcon_core.package_identification:_identify(src) by extensions ['ignore', 'ignore_ament_install']
[5.681s] Level 1:colcon.colcon_core.package_identification:_identify(src) by extension 'ignore'
[5.681s] Level 1:colcon.colcon_core.package_identification:_identify(src) by extension 'ignore_ament_install'
[5.682s] Level 1:colcon.colcon_core.package_identification:_identify(src) by extensions ['colcon_pkg']
[5.683s] Level 1:colcon.colcon_core.package_identification:_identify(src) by extension 'colcon_pkg'
[5.685s] Level 1:colcon.colcon_core.package_identification:_identify(src) by extensions ['colcon_meta']
[5.686s] Level 1:colcon.colcon_core.package_identification:_identify(src) by extension 'colcon_meta'
[5.687s] Level 1:colcon.colcon_core.package_identification:_identify(src) by extensions ['ros']
[5.688s] Level 1:colcon.colcon_core.package_identification:_identify(src) by extension 'ros'
[5.689s] Level 1:colcon.colcon_core.package_identification:_identify(src) by extensions ['cmake', 'python']
[5.689s] Level 1:colcon.colcon_core.package_identification:_identify(src) by extension 'cmake'
[5.690s] Level 1:colcon.colcon_core.package_identification:_identify(src) by extension 'python'
[5.691s] Level 1:colcon.colcon_core.package_identification:_identify(src) by extensions ['python_setup_py']
[5.691s] Level 1:colcon.colcon_core.package_identification:_identify(src) by extension 'python_setup_py'
[5.692s] Level 1:colcon.colcon_core.package_identification:_identify(src/robot_controller) by extensions ['ignore', 'ignore_ament_install']
[5.693s] Level 1:colcon.colcon_core.package_identification:_identify(src/robot_controller) by extension 'ignore'
[5.693s] Level 1:colcon.colcon_core.package_identification:_identify(src/robot_controller) by extension 'ignore_ament_install'
[5.694s] Level 1:colcon.colcon_core.package_identification:_identify(src/robot_controller) by extensions ['colcon_pkg']
[5.694s] Level 1:colcon.colcon_core.package_identification:_identify(src/robot_controller) by extension 'colcon_pkg'
[5.695s] Level 1:colcon.colcon_core.package_identification:_identify(src/robot_controller) by extensions ['colcon_meta']
[5.696s] Level 1:colcon.colcon_core.package_identification:_identify(src/robot_controller) by extension 'colcon_meta'
[5.697s] Level 1:colcon.colcon_core.package_identification:_identify(src/robot_controller) by extensions ['ros']
[5.697s] Level 1:colcon.colcon_core.package_identification:_identify(src/robot_controller) by extension 'ros'
[5.744s] DEBUG:colcon.colcon_core.package_identification:Package 'src/robot_controller' with type 'ros.ament_python' and name 'robot_controller'
[5.745s] Level 1:colcon.colcon_core.package_discovery:discover_packages(recursive) using defaults
[5.746s] Level 1:colcon.colcon_core.package_discovery:discover_packages(ignore) discover
[5.746s] Level 1:colcon.colcon_core.package_discovery:discover_packages(ignore) using defaults
[5.746s] Level 1:colcon.colcon_core.package_discovery:discover_packages(path) discover
[5.746s] Level 1:colcon.colcon_core.package_discovery:discover_packages(path) using defaults
[6.070s] Level 1:colcon.colcon_core.package_discovery:discover_packages(prefix_path) check parameters
[6.070s] Level 1:colcon.colcon_core.package_discovery:discover_packages(prefix_path) discover
[6.101s] DEBUG:colcon.colcon_installed_package_information.package_discovery:Found 1 installed packages in /home/ovidiu/robot_ws/install
[6.120s] DEBUG:colcon.colcon_installed_package_information.package_discovery:Found 337 installed packages in /opt/ros/humble
[6.137s] Level 1:colcon.colcon_core.package_discovery:discover_packages(prefix_path) using defaults
[7.203s] Level 5:colcon.colcon_core.verb:set package 'robot_controller' build argument 'cmake_args' from command line to 'None'
[7.204s] Level 5:colcon.colcon_core.verb:set package 'robot_controller' build argument 'cmake_target' from command line to 'None'
[7.204s] Level 5:colcon.colcon_core.verb:set package 'robot_controller' build argument 'cmake_target_skip_unavailable' from command line to 'False'
[7.205s] Level 5:colcon.colcon_core.verb:set package 'robot_controller' build argument 'cmake_clean_cache' from command line to 'False'
[7.205s] Level 5:colcon.colcon_core.verb:set package 'robot_controller' build argument 'cmake_clean_first' from command line to 'False'
[7.205s] Level 5:colcon.colcon_core.verb:set package 'robot_controller' build argument 'cmake_force_configure' from command line to 'False'
[7.209s] Level 5:colcon.colcon_core.verb:set package 'robot_controller' build argument 'ament_cmake_args' from command line to 'None'
[7.210s] Level 5:colcon.colcon_core.verb:set package 'robot_controller' build argument 'catkin_cmake_args' from command line to 'None'
[7.210s] Level 5:colcon.colcon_core.verb:set package 'robot_controller' build argument 'catkin_skip_building_tests' from command line to 'False'
[7.210s] DEBUG:colcon.colcon_core.verb:Building package 'robot_controller' with the following arguments: {'ament_cmake_args': None, 'build_base': '/home/ovidiu/robot_ws/build/robot_controller', 'catkin_cmake_args': None, 'catkin_skip_building_tests': False, 'cmake_args': None, 'cmake_clean_cache': False, 'cmake_clean_first': False, 'cmake_force_configure': False, 'cmake_target': None, 'cmake_target_skip_unavailable': False, 'install_base': '/home/ovidiu/robot_ws/install/robot_controller', 'merge_install': False, 'path': '/home/ovidiu/robot_ws/src/robot_controller', 'symlink_install': False, 'test_result_base': None}
[7.211s] INFO:colcon.colcon_core.executor:Executing jobs using 'parallel' executor
[7.222s] DEBUG:colcon.colcon_parallel_executor.executor.parallel:run_until_complete
[7.224s] INFO:colcon.colcon_ros.task.ament_python.build:Building ROS package in '/home/ovidiu/robot_ws/src/robot_controller' with build type 'ament_python'
[7.225s] Level 1:colcon.colcon_core.shell:create_environment_hook('robot_controller', 'ament_prefix_path')
[7.267s] INFO:colcon.colcon_core.plugin_system:Skipping extension 'colcon_core.shell.bat': Not used on non-Windows systems
[7.269s] INFO:colcon.colcon_core.shell:Creating environment hook '/home/ovidiu/robot_ws/install/robot_controller/share/robot_controller/hook/ament_prefix_path.ps1'
[7.280s] INFO:colcon.colcon_core.shell:Creating environment descriptor '/home/ovidiu/robot_ws/install/robot_controller/share/robot_controller/hook/ament_prefix_path.dsv'
[7.291s] INFO:colcon.colcon_core.shell:Creating environment hook '/home/ovidiu/robot_ws/install/robot_controller/share/robot_controller/hook/ament_prefix_path.sh'
[7.298s] INFO:colcon.colcon_core.shell:Skip shell extension 'powershell' for command environment: Not usable outside of PowerShell
[7.299s] DEBUG:colcon.colcon_core.shell:Skip shell extension 'dsv' for command environment
[12.378s] INFO:colcon.colcon_core.task.python.build:Building Python package in '/home/ovidiu/robot_ws/src/robot_controller'
[12.390s] INFO:colcon.colcon_core.shell:Skip shell extension 'powershell' for command environment: Not usable outside of PowerShell
[12.390s] DEBUG:colcon.colcon_core.shell:Skip shell extension 'dsv' for command environment
[18.433s] DEBUG:colcon.colcon_core.event_handler.log_command:Invoking command in '/home/ovidiu/robot_ws/build/robot_controller': PYTHONPATH=/home/ovidiu/robot_ws/build/robot_controller/prefix_override:/usr/lib/python3/dist-packages/colcon_core/task/python/colcon_distutils_commands:/home/ovidiu/robot_ws/install/robot_controller/lib/python3.10/site-packages:${PYTHONPATH} /usr/bin/python3 -W ignore:setup.py install is deprecated -W ignore:easy_install command is deprecated setup.py develop --uninstall --editable --build-directory /home/ovidiu/robot_ws/build/robot_controller/build
[26.275s] DEBUG:colcon.colcon_core.event_handler.log_command:Invoked command in '/home/ovidiu/robot_ws/build/robot_controller' returned '0': PYTHONPATH=/home/ovidiu/robot_ws/build/robot_controller/prefix_override:/usr/lib/python3/dist-packages/colcon_core/task/python/colcon_distutils_commands:/home/ovidiu/robot_ws/install/robot_controller/lib/python3.10/site-packages:${PYTHONPATH} /usr/bin/python3 -W ignore:setup.py install is deprecated -W ignore:easy_install command is deprecated setup.py develop --uninstall --editable --build-directory /home/ovidiu/robot_ws/build/robot_controller/build
[26.281s] DEBUG:colcon.colcon_core.event_handler.log_command:Invoking command in '/home/ovidiu/robot_ws/src/robot_controller': PYTHONPATH=/home/ovidiu/robot_ws/build/robot_controller/prefix_override:/usr/lib/python3/dist-packages/colcon_core/task/python/colcon_distutils_commands:/home/ovidiu/robot_ws/install/robot_controller/lib/python3.10/site-packages:${PYTHONPATH} /usr/bin/python3 -W ignore:setup.py install is deprecated -W ignore:easy_install command is deprecated setup.py egg_info --egg-base ../../build/robot_controller build --build-base /home/ovidiu/robot_ws/build/robot_controller/build install --record /home/ovidiu/robot_ws/build/robot_controller/install.log --single-version-externally-managed install_data --force
[33.204s] DEBUG:colcon.colcon_core.event_handler.log_command:Invoked command in '/home/ovidiu/robot_ws/src/robot_controller' returned '0': PYTHONPATH=/home/ovidiu/robot_ws/build/robot_controller/prefix_override:/usr/lib/python3/dist-packages/colcon_core/task/python/colcon_distutils_commands:/home/ovidiu/robot_ws/install/robot_controller/lib/python3.10/site-packages:${PYTHONPATH} /usr/bin/python3 -W ignore:setup.py install is deprecated -W ignore:easy_install command is deprecated setup.py egg_info --egg-base ../../build/robot_controller build --build-base /home/ovidiu/robot_ws/build/robot_controller/build install --record /home/ovidiu/robot_ws/build/robot_controller/install.log --single-version-externally-managed install_data --force
[33.295s] Level 1:colcon.colcon_core.environment:checking '/home/ovidiu/robot_ws/install/robot_controller' for CMake module files
[33.300s] Level 1:colcon.colcon_core.environment:checking '/home/ovidiu/robot_ws/install/robot_controller' for CMake config files
[33.347s] Level 1:colcon.colcon_core.environment:checking '/home/ovidiu/robot_ws/install/robot_controller/lib'
[33.350s] Level 1:colcon.colcon_core.environment:checking '/home/ovidiu/robot_ws/install/robot_controller/bin'
[33.352s] Level 1:colcon.colcon_core.environment:checking '/home/ovidiu/robot_ws/install/robot_controller/lib/pkgconfig/robot_controller.pc'
[33.355s] Level 1:colcon.colcon_core.environment:checking '/home/ovidiu/robot_ws/install/robot_controller/lib/python3.10/site-packages'
[33.367s] Level 1:colcon.colcon_core.shell:create_environment_hook('robot_controller', 'pythonpath')
[33.375s] INFO:colcon.colcon_core.shell:Creating environment hook '/home/ovidiu/robot_ws/install/robot_controller/share/robot_controller/hook/pythonpath.ps1'
[33.400s] INFO:colcon.colcon_core.shell:Creating environment descriptor '/home/ovidiu/robot_ws/install/robot_controller/share/robot_controller/hook/pythonpath.dsv'
[33.407s] INFO:colcon.colcon_core.shell:Creating environment hook '/home/ovidiu/robot_ws/install/robot_controller/share/robot_controller/hook/pythonpath.sh'
[33.422s] Level 1:colcon.colcon_core.environment:checking '/home/ovidiu/robot_ws/install/robot_controller/bin'
[33.422s] Level 1:colcon.colcon_core.environment:create_environment_scripts_only(robot_controller)
[33.424s] INFO:colcon.colcon_core.shell:Creating package script '/home/ovidiu/robot_ws/install/robot_controller/share/robot_controller/package.ps1'
[33.447s] INFO:colcon.colcon_core.shell:Creating package descriptor '/home/ovidiu/robot_ws/install/robot_controller/share/robot_controller/package.dsv'
[33.454s] INFO:colcon.colcon_core.shell:Creating package script '/home/ovidiu/robot_ws/install/robot_controller/share/robot_controller/package.sh'
[33.464s] INFO:colcon.colcon_core.shell:Creating package script '/home/ovidiu/robot_ws/install/robot_controller/share/robot_controller/package.bash'
[33.473s] INFO:colcon.colcon_core.shell:Creating package script '/home/ovidiu/robot_ws/install/robot_controller/share/robot_controller/package.zsh'
[33.498s] Level 1:colcon.colcon_core.environment:create_file_with_runtime_dependencies(/home/ovidiu/robot_ws/install/robot_controller/share/colcon-core/packages/robot_controller)
[33.521s] DEBUG:colcon.colcon_parallel_executor.executor.parallel:closing loop
[33.523s] DEBUG:colcon.colcon_parallel_executor.executor.parallel:loop closed
[33.523s] DEBUG:colcon.colcon_parallel_executor.executor.parallel:run_until_complete finished with '0'
[33.524s] DEBUG:colcon.colcon_core.event_reactor:joining thread
[33.745s] INFO:colcon.colcon_core.plugin_system:Skipping extension 'colcon_notification.desktop_notification.terminal_notifier': Not used on non-Darwin systems
[33.746s] INFO:colcon.colcon_core.plugin_system:Skipping extension 'colcon_notification.desktop_notification.win32': Not used on non-Windows systems
[33.747s] INFO:colcon.colcon_notification.desktop_notification:Sending desktop notification using 'notify2'
[37.129s] DEBUG:colcon.colcon_core.event_reactor:joined thread
[37.131s] INFO:colcon.colcon_core.shell:Creating prefix script '/home/ovidiu/robot_ws/install/local_setup.ps1'
[37.145s] INFO:colcon.colcon_core.shell:Creating prefix util module '/home/ovidiu/robot_ws/install/_local_setup_util_ps1.py'
[37.276s] INFO:colcon.colcon_core.shell:Creating prefix chain script '/home/ovidiu/robot_ws/install/setup.ps1'
[37.298s] INFO:colcon.colcon_core.shell:Creating prefix script '/home/ovidiu/robot_ws/install/local_setup.sh'
[37.305s] INFO:colcon.colcon_core.shell:Creating prefix util module '/home/ovidiu/robot_ws/install/_local_setup_util_sh.py'
[37.312s] INFO:colcon.colcon_core.shell:Creating prefix chain script '/home/ovidiu/robot_ws/install/setup.sh'
[37.335s] INFO:colcon.colcon_core.shell:Creating prefix script '/home/ovidiu/robot_ws/install/local_setup.bash'
[37.345s] INFO:colcon.colcon_core.shell:Creating prefix chain script '/home/ovidiu/robot_ws/install/setup.bash'
[37.374s] INFO:colcon.colcon_core.shell:Creating prefix script '/home/ovidiu/robot_ws/install/local_setup.zsh'
[37.380s] INFO:colcon.colcon_core.shell:Creating prefix chain script '/home/ovidiu/robot_ws/install/setup.zsh'
