[1.990s] DEBUG:colcon:Command line arguments: ['/usr/bin/colcon', 'build']
[1.991s] DEBUG:colcon:Parsed command line arguments: Namespace(log_base=None, log_level=None, verb_name='build', build_base='build', install_base='install', merge_install=False, symlink_install=False, test_result_base=None, continue_on_error=False, executor='parallel', parallel_workers=4, event_handlers=None, ignore_user_meta=False, metas=['./colcon.meta'], base_paths=['.'], packages_ignore=None, packages_ignore_regex=None, paths=None, packages_up_to=None, packages_up_to_regex=None, packages_above=None, packages_above_and_dependencies=None, packages_above_depth=None, packages_select_by_dep=None, packages_skip_by_dep=None, packages_skip_up_to=None, packages_select_build_failed=False, packages_skip_build_finished=False, packages_select_test_failures=False, packages_skip_test_passed=False, packages_select=None, packages_skip=None, packages_select_regex=None, packages_skip_regex=None, packages_start=None, packages_end=None, allow_overriding=[], cmake_args=None, cmake_target=None, cmake_target_skip_unavailable=False, cmake_clean_cache=False, cmake_clean_first=False, cmake_force_configure=False, ament_cmake_args=None, catkin_cmake_args=None, catkin_skip_building_tests=False, mixin_files=None, mixin=None, verb_parser=<colcon_mixin.mixin.mixin_argument.MixinArgumentDecorator object at 0xffff9e056590>, verb_extension=<colcon_core.verb.build.BuildVerb object at 0xffff9e20b4c0>, main=<bound method BuildVerb.main of <colcon_core.verb.build.BuildVerb object at 0xffff9e20b4c0>>, mixin_verb=('build',))
[4.135s] Level 1:colcon.colcon_core.package_discovery:discover_packages(colcon_meta) check parameters
[4.136s] Level 1:colcon.colcon_core.package_discovery:discover_packages(recursive) check parameters
[4.136s] Level 1:colcon.colcon_core.package_discovery:discover_packages(ignore) check parameters
[4.136s] Level 1:colcon.colcon_core.package_discovery:discover_packages(path) check parameters
[4.136s] Level 1:colcon.colcon_core.package_discovery:discover_packages(colcon_meta) discover
[4.137s] Level 1:colcon.colcon_core.package_discovery:discover_packages(recursive) discover
[4.137s] INFO:colcon.colcon_core.package_discovery:Crawling recursively for packages in '/home/ovidiu/robot_ws'
[4.138s] Level 1:colcon.colcon_core.package_identification:_identify(.) by extensions ['ignore', 'ignore_ament_install']
[4.139s] Level 1:colcon.colcon_core.package_identification:_identify(.) by extension 'ignore'
[4.139s] Level 1:colcon.colcon_core.package_identification:_identify(.) by extension 'ignore_ament_install'
[4.140s] Level 1:colcon.colcon_core.package_identification:_identify(.) by extensions ['colcon_pkg']
[4.140s] Level 1:colcon.colcon_core.package_identification:_identify(.) by extension 'colcon_pkg'
[4.140s] Level 1:colcon.colcon_core.package_identification:_identify(.) by extensions ['colcon_meta']
[4.141s] Level 1:colcon.colcon_core.package_identification:_identify(.) by extension 'colcon_meta'
[4.141s] Level 1:colcon.colcon_core.package_identification:_identify(.) by extensions ['ros']
[4.141s] Level 1:colcon.colcon_core.package_identification:_identify(.) by extension 'ros'
[4.234s] Level 1:colcon.colcon_core.package_identification:_identify(.) by extensions ['cmake', 'python']
[4.234s] Level 1:colcon.colcon_core.package_identification:_identify(.) by extension 'cmake'
[4.234s] Level 1:colcon.colcon_core.package_identification:_identify(.) by extension 'python'
[4.235s] Level 1:colcon.colcon_core.package_identification:_identify(.) by extensions ['python_setup_py']
[4.235s] Level 1:colcon.colcon_core.package_identification:_identify(.) by extension 'python_setup_py'
[4.236s] Level 1:colcon.colcon_core.package_identification:_identify(build) by extensions ['ignore', 'ignore_ament_install']
[4.236s] Level 1:colcon.colcon_core.package_identification:_identify(build) by extension 'ignore'
[4.237s] Level 1:colcon.colcon_core.package_identification:_identify(build) ignored
[4.237s] Level 1:colcon.colcon_core.package_identification:_identify(install) by extensions ['ignore', 'ignore_ament_install']
[4.238s] Level 1:colcon.colcon_core.package_identification:_identify(install) by extension 'ignore'
[4.239s] Level 1:colcon.colcon_core.package_identification:_identify(install) ignored
[4.239s] Level 1:colcon.colcon_core.package_identification:_identify(log) by extensions ['ignore', 'ignore_ament_install']
[4.240s] Level 1:colcon.colcon_core.package_identification:_identify(log) by extension 'ignore'
[4.240s] Level 1:colcon.colcon_core.package_identification:_identify(log) ignored
[4.240s] Level 1:colcon.colcon_core.package_identification:_identify(src) by extensions ['ignore', 'ignore_ament_install']
[4.241s] Level 1:colcon.colcon_core.package_identification:_identify(src) by extension 'ignore'
[4.241s] Level 1:colcon.colcon_core.package_identification:_identify(src) by extension 'ignore_ament_install'
[4.241s] Level 1:colcon.colcon_core.package_identification:_identify(src) by extensions ['colcon_pkg']
[4.242s] Level 1:colcon.colcon_core.package_identification:_identify(src) by extension 'colcon_pkg'
[4.244s] Level 1:colcon.colcon_core.package_identification:_identify(src) by extensions ['colcon_meta']
[4.245s] Level 1:colcon.colcon_core.package_identification:_identify(src) by extension 'colcon_meta'
[4.246s] Level 1:colcon.colcon_core.package_identification:_identify(src) by extensions ['ros']
[4.247s] Level 1:colcon.colcon_core.package_identification:_identify(src) by extension 'ros'
[4.250s] Level 1:colcon.colcon_core.package_identification:_identify(src) by extensions ['cmake', 'python']
[4.251s] Level 1:colcon.colcon_core.package_identification:_identify(src) by extension 'cmake'
[4.252s] Level 1:colcon.colcon_core.package_identification:_identify(src) by extension 'python'
[4.253s] Level 1:colcon.colcon_core.package_identification:_identify(src) by extensions ['python_setup_py']
[4.254s] Level 1:colcon.colcon_core.package_identification:_identify(src) by extension 'python_setup_py'
[4.254s] Level 1:colcon.colcon_core.package_identification:_identify(src/robot_controller) by extensions ['ignore', 'ignore_ament_install']
[4.255s] Level 1:colcon.colcon_core.package_identification:_identify(src/robot_controller) by extension 'ignore'
[4.255s] Level 1:colcon.colcon_core.package_identification:_identify(src/robot_controller) by extension 'ignore_ament_install'
[4.255s] Level 1:colcon.colcon_core.package_identification:_identify(src/robot_controller) by extensions ['colcon_pkg']
[4.256s] Level 1:colcon.colcon_core.package_identification:_identify(src/robot_controller) by extension 'colcon_pkg'
[4.256s] Level 1:colcon.colcon_core.package_identification:_identify(src/robot_controller) by extensions ['colcon_meta']
[4.256s] Level 1:colcon.colcon_core.package_identification:_identify(src/robot_controller) by extension 'colcon_meta'
[4.256s] Level 1:colcon.colcon_core.package_identification:_identify(src/robot_controller) by extensions ['ros']
[4.256s] Level 1:colcon.colcon_core.package_identification:_identify(src/robot_controller) by extension 'ros'
[4.271s] DEBUG:colcon.colcon_core.package_identification:Package 'src/robot_controller' with type 'ros.ament_python' and name 'robot_controller'
[4.271s] Level 1:colcon.colcon_core.package_discovery:discover_packages(recursive) using defaults
[4.272s] Level 1:colcon.colcon_core.package_discovery:discover_packages(ignore) discover
[4.272s] Level 1:colcon.colcon_core.package_discovery:discover_packages(ignore) using defaults
[4.272s] Level 1:colcon.colcon_core.package_discovery:discover_packages(path) discover
[4.272s] Level 1:colcon.colcon_core.package_discovery:discover_packages(path) using defaults
[4.537s] Level 1:colcon.colcon_core.package_discovery:discover_packages(prefix_path) check parameters
[4.538s] Level 1:colcon.colcon_core.package_discovery:discover_packages(prefix_path) discover
[4.572s] DEBUG:colcon.colcon_installed_package_information.package_discovery:Found 337 installed packages in /opt/ros/humble
[4.579s] Level 1:colcon.colcon_core.package_discovery:discover_packages(prefix_path) using defaults
[5.168s] Level 5:colcon.colcon_core.verb:set package 'robot_controller' build argument 'cmake_args' from command line to 'None'
[5.169s] Level 5:colcon.colcon_core.verb:set package 'robot_controller' build argument 'cmake_target' from command line to 'None'
[5.169s] Level 5:colcon.colcon_core.verb:set package 'robot_controller' build argument 'cmake_target_skip_unavailable' from command line to 'False'
[5.169s] Level 5:colcon.colcon_core.verb:set package 'robot_controller' build argument 'cmake_clean_cache' from command line to 'False'
[5.169s] Level 5:colcon.colcon_core.verb:set package 'robot_controller' build argument 'cmake_clean_first' from command line to 'False'
[5.169s] Level 5:colcon.colcon_core.verb:set package 'robot_controller' build argument 'cmake_force_configure' from command line to 'False'
[5.169s] Level 5:colcon.colcon_core.verb:set package 'robot_controller' build argument 'ament_cmake_args' from command line to 'None'
[5.169s] Level 5:colcon.colcon_core.verb:set package 'robot_controller' build argument 'catkin_cmake_args' from command line to 'None'
[5.169s] Level 5:colcon.colcon_core.verb:set package 'robot_controller' build argument 'catkin_skip_building_tests' from command line to 'False'
[5.169s] DEBUG:colcon.colcon_core.verb:Building package 'robot_controller' with the following arguments: {'ament_cmake_args': None, 'build_base': '/home/ovidiu/robot_ws/build/robot_controller', 'catkin_cmake_args': None, 'catkin_skip_building_tests': False, 'cmake_args': None, 'cmake_clean_cache': False, 'cmake_clean_first': False, 'cmake_force_configure': False, 'cmake_target': None, 'cmake_target_skip_unavailable': False, 'install_base': '/home/ovidiu/robot_ws/install/robot_controller', 'merge_install': False, 'path': '/home/ovidiu/robot_ws/src/robot_controller', 'symlink_install': False, 'test_result_base': None}
[5.170s] INFO:colcon.colcon_core.executor:Executing jobs using 'parallel' executor
[5.175s] DEBUG:colcon.colcon_parallel_executor.executor.parallel:run_until_complete
[5.176s] INFO:colcon.colcon_ros.task.ament_python.build:Building ROS package in '/home/ovidiu/robot_ws/src/robot_controller' with build type 'ament_python'
[5.177s] Level 1:colcon.colcon_core.shell:create_environment_hook('robot_controller', 'ament_prefix_path')
[5.203s] INFO:colcon.colcon_core.plugin_system:Skipping extension 'colcon_core.shell.bat': Not used on non-Windows systems
[5.204s] INFO:colcon.colcon_core.shell:Creating environment hook '/home/ovidiu/robot_ws/install/robot_controller/share/robot_controller/hook/ament_prefix_path.ps1'
[5.211s] INFO:colcon.colcon_core.shell:Creating environment descriptor '/home/ovidiu/robot_ws/install/robot_controller/share/robot_controller/hook/ament_prefix_path.dsv'
[5.215s] INFO:colcon.colcon_core.shell:Creating environment hook '/home/ovidiu/robot_ws/install/robot_controller/share/robot_controller/hook/ament_prefix_path.sh'
[5.224s] INFO:colcon.colcon_core.shell:Skip shell extension 'powershell' for command environment: Not usable outside of PowerShell
[5.225s] DEBUG:colcon.colcon_core.shell:Skip shell extension 'dsv' for command environment
[7.716s] INFO:colcon.colcon_core.task.python.build:Building Python package in '/home/ovidiu/robot_ws/src/robot_controller'
[7.719s] INFO:colcon.colcon_core.shell:Skip shell extension 'powershell' for command environment: Not usable outside of PowerShell
[7.719s] DEBUG:colcon.colcon_core.shell:Skip shell extension 'dsv' for command environment
[10.794s] DEBUG:colcon.colcon_core.event_handler.log_command:Invoking command in '/home/ovidiu/robot_ws/src/robot_controller': PYTHONPATH=/home/ovidiu/robot_ws/build/robot_controller/prefix_override:/usr/lib/python3/dist-packages/colcon_core/task/python/colcon_distutils_commands:/home/ovidiu/robot_ws/install/robot_controller/lib/python3.10/site-packages:${PYTHONPATH} /usr/bin/python3 -W ignore:setup.py install is deprecated -W ignore:easy_install command is deprecated setup.py egg_info --egg-base ../../build/robot_controller build --build-base /home/ovidiu/robot_ws/build/robot_controller/build install --record /home/ovidiu/robot_ws/build/robot_controller/install.log --single-version-externally-managed install_data
[13.337s] DEBUG:colcon.colcon_core.event_handler.log_command:Invoked command in '/home/ovidiu/robot_ws/src/robot_controller' returned '0': PYTHONPATH=/home/ovidiu/robot_ws/build/robot_controller/prefix_override:/usr/lib/python3/dist-packages/colcon_core/task/python/colcon_distutils_commands:/home/ovidiu/robot_ws/install/robot_controller/lib/python3.10/site-packages:${PYTHONPATH} /usr/bin/python3 -W ignore:setup.py install is deprecated -W ignore:easy_install command is deprecated setup.py egg_info --egg-base ../../build/robot_controller build --build-base /home/ovidiu/robot_ws/build/robot_controller/build install --record /home/ovidiu/robot_ws/build/robot_controller/install.log --single-version-externally-managed install_data
[13.370s] Level 1:colcon.colcon_core.environment:checking '/home/ovidiu/robot_ws/install/robot_controller' for CMake module files
[13.373s] Level 1:colcon.colcon_core.environment:checking '/home/ovidiu/robot_ws/install/robot_controller' for CMake config files
[13.381s] Level 1:colcon.colcon_core.environment:checking '/home/ovidiu/robot_ws/install/robot_controller/lib'
[13.382s] Level 1:colcon.colcon_core.environment:checking '/home/ovidiu/robot_ws/install/robot_controller/bin'
[13.383s] Level 1:colcon.colcon_core.environment:checking '/home/ovidiu/robot_ws/install/robot_controller/lib/pkgconfig/robot_controller.pc'
[13.384s] Level 1:colcon.colcon_core.environment:checking '/home/ovidiu/robot_ws/install/robot_controller/lib/python3.10/site-packages'
[13.384s] Level 1:colcon.colcon_core.shell:create_environment_hook('robot_controller', 'pythonpath')
[13.385s] INFO:colcon.colcon_core.shell:Creating environment hook '/home/ovidiu/robot_ws/install/robot_controller/share/robot_controller/hook/pythonpath.ps1'
[13.388s] INFO:colcon.colcon_core.shell:Creating environment descriptor '/home/ovidiu/robot_ws/install/robot_controller/share/robot_controller/hook/pythonpath.dsv'
[13.390s] INFO:colcon.colcon_core.shell:Creating environment hook '/home/ovidiu/robot_ws/install/robot_controller/share/robot_controller/hook/pythonpath.sh'
[13.394s] Level 1:colcon.colcon_core.environment:checking '/home/ovidiu/robot_ws/install/robot_controller/bin'
[13.395s] Level 1:colcon.colcon_core.environment:create_environment_scripts_only(robot_controller)
[13.397s] INFO:colcon.colcon_core.shell:Creating package script '/home/ovidiu/robot_ws/install/robot_controller/share/robot_controller/package.ps1'
[13.412s] INFO:colcon.colcon_core.shell:Creating package descriptor '/home/ovidiu/robot_ws/install/robot_controller/share/robot_controller/package.dsv'
[13.423s] INFO:colcon.colcon_core.shell:Creating package script '/home/ovidiu/robot_ws/install/robot_controller/share/robot_controller/package.sh'
[13.429s] INFO:colcon.colcon_core.shell:Creating package script '/home/ovidiu/robot_ws/install/robot_controller/share/robot_controller/package.bash'
[13.436s] INFO:colcon.colcon_core.shell:Creating package script '/home/ovidiu/robot_ws/install/robot_controller/share/robot_controller/package.zsh'
[13.442s] Level 1:colcon.colcon_core.environment:create_file_with_runtime_dependencies(/home/ovidiu/robot_ws/install/robot_controller/share/colcon-core/packages/robot_controller)
[13.444s] DEBUG:colcon.colcon_parallel_executor.executor.parallel:closing loop
[13.446s] DEBUG:colcon.colcon_parallel_executor.executor.parallel:loop closed
[13.446s] DEBUG:colcon.colcon_parallel_executor.executor.parallel:run_until_complete finished with '0'
[13.446s] DEBUG:colcon.colcon_core.event_reactor:joining thread
[13.529s] INFO:colcon.colcon_core.plugin_system:Skipping extension 'colcon_notification.desktop_notification.terminal_notifier': Not used on non-Darwin systems
[13.530s] INFO:colcon.colcon_core.plugin_system:Skipping extension 'colcon_notification.desktop_notification.win32': Not used on non-Windows systems
[13.531s] INFO:colcon.colcon_notification.desktop_notification:Sending desktop notification using 'notify2'
[16.110s] DEBUG:colcon.colcon_core.event_reactor:joined thread
[16.111s] INFO:colcon.colcon_core.shell:Creating prefix script '/home/ovidiu/robot_ws/install/local_setup.ps1'
[16.117s] INFO:colcon.colcon_core.shell:Creating prefix util module '/home/ovidiu/robot_ws/install/_local_setup_util_ps1.py'
[16.128s] INFO:colcon.colcon_core.shell:Creating prefix chain script '/home/ovidiu/robot_ws/install/setup.ps1'
[16.144s] INFO:colcon.colcon_core.shell:Creating prefix script '/home/ovidiu/robot_ws/install/local_setup.sh'
[16.203s] INFO:colcon.colcon_core.shell:Creating prefix util module '/home/ovidiu/robot_ws/install/_local_setup_util_sh.py'
[16.209s] INFO:colcon.colcon_core.shell:Creating prefix chain script '/home/ovidiu/robot_ws/install/setup.sh'
[16.225s] INFO:colcon.colcon_core.shell:Creating prefix script '/home/ovidiu/robot_ws/install/local_setup.bash'
[16.231s] INFO:colcon.colcon_core.shell:Creating prefix chain script '/home/ovidiu/robot_ws/install/setup.bash'
[16.239s] INFO:colcon.colcon_core.shell:Creating prefix script '/home/ovidiu/robot_ws/install/local_setup.zsh'
[16.248s] INFO:colcon.colcon_core.shell:Creating prefix chain script '/home/ovidiu/robot_ws/install/setup.zsh'
