running develop
running egg_info
writing robot_controller.egg-info/PKG-INFO
writing dependency_links to robot_controller.egg-info/dependency_links.txt
writing entry points to robot_controller.egg-info/entry_points.txt
writing requirements to robot_controller.egg-info/requires.txt
writing top-level names to robot_controller.egg-info/top_level.txt
reading manifest file 'robot_controller.egg-info/SOURCES.txt'
writing manifest file 'robot_controller.egg-info/SOURCES.txt'
running build_ext
Creating /home/ovidiu/robot_ws/install/robot_controller/lib/python3.10/site-packages/robot-controller.egg-link (link to .)
Installing arduino_interface script to /home/ovidiu/robot_ws/install/robot_controller/lib/robot_controller
Installing fake_lidar_node script to /home/ovidiu/robot_ws/install/robot_controller/lib/robot_controller
Installing fake_odometry_node script to /home/ovidiu/robot_ws/install/robot_controller/lib/robot_controller
Installing motor_controller script to /home/ovidiu/robot_ws/install/robot_controller/lib/robot_controller
Installing odometry_publisher script to /home/ovidiu/robot_ws/install/robot_controller/lib/robot_controller
Installing tf_broadcaster script to /home/ovidiu/robot_ws/install/robot_controller/lib/robot_controller

Installed /home/ovidiu/robot_ws/build/robot_controller
running symlink_data
symbolically linking /home/ovidiu/robot_ws/build/robot_controller/resource/robot_controller -> /home/ovidiu/robot_ws/install/robot_controller/share/ament_index/resource_index/packages
symbolically linking /home/ovidiu/robot_ws/build/robot_controller/package.xml -> /home/ovidiu/robot_ws/install/robot_controller/share/robot_controller
symbolically linking /home/ovidiu/robot_ws/build/robot_controller/launch/robot_bringup.launch.py -> /home/ovidiu/robot_ws/install/robot_controller/share/robot_controller/launch
symbolically linking /home/ovidiu/robot_ws/build/robot_controller/config/slam_toolbox_params.yaml -> /home/ovidiu/robot_ws/install/robot_controller/share/robot_controller/config
symbolically linking /home/ovidiu/robot_ws/build/robot_controller/config/nav2_params.yaml -> /home/ovidiu/robot_ws/install/robot_controller/share/robot_controller/config
