[6.136s] Invoking command in '/home/ovidiu/robot_ws/build/robot_controller': PYTHONPATH=/home/ovidiu/robot_ws/build/robot_controller/prefix_override:/usr/lib/python3/dist-packages/colcon_core/task/python/colcon_distutils_commands:/home/ovidiu/robot_ws/install/robot_controller/lib/python3.10/site-packages:${PYTHONPATH} /usr/bin/python3 -W ignore:setup.py install is deprecated -W ignore:easy_install command is deprecated setup.py develop --editable --build-directory /home/ovidiu/robot_ws/build/robot_controller/build --no-deps symlink_data --force
[8.334s] running develop
[10.685s] running egg_info
[10.686s] writing robot_controller.egg-info/PKG-INFO
[10.687s] writing dependency_links to robot_controller.egg-info/dependency_links.txt
[10.690s] writing entry points to robot_controller.egg-info/entry_points.txt
[10.702s] writing requirements to robot_controller.egg-info/requires.txt
[10.703s] writing top-level names to robot_controller.egg-info/top_level.txt
[10.710s] reading manifest file 'robot_controller.egg-info/SOURCES.txt'
[10.716s] writing manifest file 'robot_controller.egg-info/SOURCES.txt'
[10.726s] running build_ext
[10.728s] Creating /home/ovidiu/robot_ws/install/robot_controller/lib/python3.10/site-packages/robot-controller.egg-link (link to .)
[10.736s] Installing arduino_interface script to /home/ovidiu/robot_ws/install/robot_controller/lib/robot_controller
[10.737s] Installing fake_lidar_node script to /home/ovidiu/robot_ws/install/robot_controller/lib/robot_controller
[10.739s] Installing fake_odometry_node script to /home/ovidiu/robot_ws/install/robot_controller/lib/robot_controller
[10.741s] Installing motor_controller script to /home/ovidiu/robot_ws/install/robot_controller/lib/robot_controller
[10.752s] Installing odometry_publisher script to /home/ovidiu/robot_ws/install/robot_controller/lib/robot_controller
[10.760s] Installing tf_broadcaster script to /home/ovidiu/robot_ws/install/robot_controller/lib/robot_controller
[10.761s] 
[10.767s] Installed /home/ovidiu/robot_ws/build/robot_controller
[10.770s] running symlink_data
[10.777s] symbolically linking /home/ovidiu/robot_ws/build/robot_controller/resource/robot_controller -> /home/ovidiu/robot_ws/install/robot_controller/share/ament_index/resource_index/packages
[10.778s] symbolically linking /home/ovidiu/robot_ws/build/robot_controller/package.xml -> /home/ovidiu/robot_ws/install/robot_controller/share/robot_controller
[10.780s] symbolically linking /home/ovidiu/robot_ws/build/robot_controller/launch/robot_bringup.launch.py -> /home/ovidiu/robot_ws/install/robot_controller/share/robot_controller/launch
[10.781s] symbolically linking /home/ovidiu/robot_ws/build/robot_controller/config/slam_toolbox_params.yaml -> /home/ovidiu/robot_ws/install/robot_controller/share/robot_controller/config
[10.793s] symbolically linking /home/ovidiu/robot_ws/build/robot_controller/config/nav2_params.yaml -> /home/ovidiu/robot_ws/install/robot_controller/share/robot_controller/config
[11.054s] Invoked command in '/home/ovidiu/robot_ws/build/robot_controller' returned '0': PYTHONPATH=/home/ovidiu/robot_ws/build/robot_controller/prefix_override:/usr/lib/python3/dist-packages/colcon_core/task/python/colcon_distutils_commands:/home/ovidiu/robot_ws/install/robot_controller/lib/python3.10/site-packages:${PYTHONPATH} /usr/bin/python3 -W ignore:setup.py install is deprecated -W ignore:easy_install command is deprecated setup.py develop --editable --build-directory /home/ovidiu/robot_ws/build/robot_controller/build --no-deps symlink_data --force
