[5.650s] Invoking command in '/home/ovidiu/robot_ws/src/robot_controller': PYTHONPATH=/home/ovidiu/robot_ws/build/robot_controller/prefix_override:/usr/lib/python3/dist-packages/colcon_core/task/python/colcon_distutils_commands:/home/ovidiu/robot_ws/install/robot_controller/lib/python3.10/site-packages:${PYTHONPATH} /usr/bin/python3 -W ignore:setup.py install is deprecated -W ignore:easy_install command is deprecated setup.py egg_info --egg-base ../../build/robot_controller build --build-base /home/ovidiu/robot_ws/build/robot_controller/build install --record /home/ovidiu/robot_ws/build/robot_controller/install.log --single-version-externally-managed install_data
[8.008s] running egg_info
[8.019s] writing ../../build/robot_controller/robot_controller.egg-info/PKG-INFO
[8.021s] writing dependency_links to ../../build/robot_controller/robot_controller.egg-info/dependency_links.txt
[8.022s] writing entry points to ../../build/robot_controller/robot_controller.egg-info/entry_points.txt
[8.023s] writing requirements to ../../build/robot_controller/robot_controller.egg-info/requires.txt
[8.023s] writing top-level names to ../../build/robot_controller/robot_controller.egg-info/top_level.txt
[8.041s] reading manifest file '../../build/robot_controller/robot_controller.egg-info/SOURCES.txt'
[8.048s] writing manifest file '../../build/robot_controller/robot_controller.egg-info/SOURCES.txt'
[8.049s] running build
[8.053s] running build_py
[8.054s] copying robot_controller/fake_lidar_node.py -> /home/ovidiu/robot_ws/build/robot_controller/build/lib/robot_controller
[8.054s] copying robot_controller/fake_odometry_node.py -> /home/ovidiu/robot_ws/build/robot_controller/build/lib/robot_controller
[8.057s] running install
[8.060s] running install_lib
[8.069s] copying /home/ovidiu/robot_ws/build/robot_controller/build/lib/robot_controller/fake_lidar_node.py -> /home/ovidiu/robot_ws/install/robot_controller/lib/python3.10/site-packages/robot_controller
[8.077s] copying /home/ovidiu/robot_ws/build/robot_controller/build/lib/robot_controller/fake_odometry_node.py -> /home/ovidiu/robot_ws/install/robot_controller/lib/python3.10/site-packages/robot_controller
[8.082s] byte-compiling /home/ovidiu/robot_ws/install/robot_controller/lib/python3.10/site-packages/robot_controller/fake_lidar_node.py to fake_lidar_node.cpython-310.pyc
[8.085s] byte-compiling /home/ovidiu/robot_ws/install/robot_controller/lib/python3.10/site-packages/robot_controller/fake_odometry_node.py to fake_odometry_node.cpython-310.pyc
[8.089s] running install_data
[8.090s] copying launch/robot_bringup.launch.py -> /home/ovidiu/robot_ws/install/robot_controller/share/robot_controller/launch
[8.092s] running install_egg_info
[8.109s] removing '/home/ovidiu/robot_ws/install/robot_controller/lib/python3.10/site-packages/robot_controller-0.0.0-py3.10.egg-info' (and everything under it)
[8.114s] Copying ../../build/robot_controller/robot_controller.egg-info to /home/ovidiu/robot_ws/install/robot_controller/lib/python3.10/site-packages/robot_controller-0.0.0-py3.10.egg-info
[8.129s] running install_scripts
[8.305s] Installing arduino_interface script to /home/ovidiu/robot_ws/install/robot_controller/lib/robot_controller
[8.306s] Installing fake_lidar_node script to /home/ovidiu/robot_ws/install/robot_controller/lib/robot_controller
[8.307s] Installing fake_odometry_node script to /home/ovidiu/robot_ws/install/robot_controller/lib/robot_controller
[8.308s] Installing motor_controller script to /home/ovidiu/robot_ws/install/robot_controller/lib/robot_controller
[8.311s] Installing odometry_publisher script to /home/ovidiu/robot_ws/install/robot_controller/lib/robot_controller
[8.312s] Installing tf_broadcaster script to /home/ovidiu/robot_ws/install/robot_controller/lib/robot_controller
[8.320s] writing list of installed files to '/home/ovidiu/robot_ws/build/robot_controller/install.log'
[8.535s] Invoked command in '/home/ovidiu/robot_ws/src/robot_controller' returned '0': PYTHONPATH=/home/ovidiu/robot_ws/build/robot_controller/prefix_override:/usr/lib/python3/dist-packages/colcon_core/task/python/colcon_distutils_commands:/home/ovidiu/robot_ws/install/robot_controller/lib/python3.10/site-packages:${PYTHONPATH} /usr/bin/python3 -W ignore:setup.py install is deprecated -W ignore:easy_install command is deprecated setup.py egg_info --egg-base ../../build/robot_controller build --build-base /home/ovidiu/robot_ws/build/robot_controller/build install --record /home/ovidiu/robot_ws/build/robot_controller/install.log --single-version-externally-managed install_data
