[4.940s] Invoking command in '/home/ovidiu/robot_ws/src/robot_controller': PYTHONPATH=/home/ovidiu/robot_ws/build/robot_controller/prefix_override:/usr/lib/python3/dist-packages/colcon_core/task/python/colcon_distutils_commands:/home/ovidiu/robot_ws/install/robot_controller/lib/python3.10/site-packages:${PYTHONPATH} /usr/bin/python3 -W ignore:setup.py install is deprecated -W ignore:easy_install command is deprecated setup.py egg_info --egg-base ../../build/robot_controller build --build-base /home/ovidiu/robot_ws/build/robot_controller/build install --record /home/ovidiu/robot_ws/build/robot_controller/install.log --single-version-externally-managed install_data
[7.139s] running egg_info
[7.144s] writing ../../build/robot_controller/robot_controller.egg-info/PKG-INFO
[7.152s] writing dependency_links to ../../build/robot_controller/robot_controller.egg-info/dependency_links.txt
[7.153s] writing entry points to ../../build/robot_controller/robot_controller.egg-info/entry_points.txt
[7.157s] writing requirements to ../../build/robot_controller/robot_controller.egg-info/requires.txt
[7.164s] writing top-level names to ../../build/robot_controller/robot_controller.egg-info/top_level.txt
[7.171s] reading manifest file '../../build/robot_controller/robot_controller.egg-info/SOURCES.txt'
[7.173s] writing manifest file '../../build/robot_controller/robot_controller.egg-info/SOURCES.txt'
[7.180s] running build
[7.181s] running build_py
[7.184s] running install
[7.185s] running install_lib
[7.197s] running install_data
[7.204s] copying launch/robot_bringup.launch.py -> /home/ovidiu/robot_ws/install/robot_controller/share/robot_controller/launch
[7.205s] running install_egg_info
[7.217s] removing '/home/ovidiu/robot_ws/install/robot_controller/lib/python3.10/site-packages/robot_controller-0.0.0-py3.10.egg-info' (and everything under it)
[7.219s] Copying ../../build/robot_controller/robot_controller.egg-info to /home/ovidiu/robot_ws/install/robot_controller/lib/python3.10/site-packages/robot_controller-0.0.0-py3.10.egg-info
[7.225s] running install_scripts
[7.346s] Installing arduino_interface script to /home/ovidiu/robot_ws/install/robot_controller/lib/robot_controller
[7.349s] Installing motor_controller script to /home/ovidiu/robot_ws/install/robot_controller/lib/robot_controller
[7.353s] Installing odometry_publisher script to /home/ovidiu/robot_ws/install/robot_controller/lib/robot_controller
[7.360s] Installing tf_broadcaster script to /home/ovidiu/robot_ws/install/robot_controller/lib/robot_controller
[7.370s] writing list of installed files to '/home/ovidiu/robot_ws/build/robot_controller/install.log'
[7.642s] Invoked command in '/home/ovidiu/robot_ws/src/robot_controller' returned '0': PYTHONPATH=/home/ovidiu/robot_ws/build/robot_controller/prefix_override:/usr/lib/python3/dist-packages/colcon_core/task/python/colcon_distutils_commands:/home/ovidiu/robot_ws/install/robot_controller/lib/python3.10/site-packages:${PYTHONPATH} /usr/bin/python3 -W ignore:setup.py install is deprecated -W ignore:easy_install command is deprecated setup.py egg_info --egg-base ../../build/robot_controller build --build-base /home/ovidiu/robot_ws/build/robot_controller/build install --record /home/ovidiu/robot_ws/build/robot_controller/install.log --single-version-externally-managed install_data
