running develop
Removing /home/ovidiu/robot_ws/install/robot_controller/lib/python3.10/site-packages/robot-controller.egg-link (link to .)
running egg_info
writing ../../build/robot_controller/robot_controller.egg-info/PKG-INFO
writing dependency_links to ../../build/robot_controller/robot_controller.egg-info/dependency_links.txt
writing entry points to ../../build/robot_controller/robot_controller.egg-info/entry_points.txt
writing requirements to ../../build/robot_controller/robot_controller.egg-info/requires.txt
writing top-level names to ../../build/robot_controller/robot_controller.egg-info/top_level.txt
reading manifest file '../../build/robot_controller/robot_controller.egg-info/SOURCES.txt'
writing manifest file '../../build/robot_controller/robot_controller.egg-info/SOURCES.txt'
running build
running build_py
copying robot_controller/fake_lidar_node.py -> /home/ovidiu/robot_ws/build/robot_controller/build/lib/robot_controller
running install
running install_lib
creating /home/ovidiu/robot_ws/install/robot_controller/lib/python3.10/site-packages/robot_controller
copying /home/ovidiu/robot_ws/build/robot_controller/build/lib/robot_controller/tf_broadcaster.py -> /home/ovidiu/robot_ws/install/robot_controller/lib/python3.10/site-packages/robot_controller
copying /home/ovidiu/robot_ws/build/robot_controller/build/lib/robot_controller/fake_lidar_node.py -> /home/ovidiu/robot_ws/install/robot_controller/lib/python3.10/site-packages/robot_controller
copying /home/ovidiu/robot_ws/build/robot_controller/build/lib/robot_controller/fake_odometry_node.py -> /home/ovidiu/robot_ws/install/robot_controller/lib/python3.10/site-packages/robot_controller
copying /home/ovidiu/robot_ws/build/robot_controller/build/lib/robot_controller/motor_controller.py -> /home/ovidiu/robot_ws/install/robot_controller/lib/python3.10/site-packages/robot_controller
copying /home/ovidiu/robot_ws/build/robot_controller/build/lib/robot_controller/odometry_publisher.py -> /home/ovidiu/robot_ws/install/robot_controller/lib/python3.10/site-packages/robot_controller
copying /home/ovidiu/robot_ws/build/robot_controller/build/lib/robot_controller/arduino_interface.py -> /home/ovidiu/robot_ws/install/robot_controller/lib/python3.10/site-packages/robot_controller
copying /home/ovidiu/robot_ws/build/robot_controller/build/lib/robot_controller/__init__.py -> /home/ovidiu/robot_ws/install/robot_controller/lib/python3.10/site-packages/robot_controller
byte-compiling /home/ovidiu/robot_ws/install/robot_controller/lib/python3.10/site-packages/robot_controller/tf_broadcaster.py to tf_broadcaster.cpython-310.pyc
byte-compiling /home/ovidiu/robot_ws/install/robot_controller/lib/python3.10/site-packages/robot_controller/fake_lidar_node.py to fake_lidar_node.cpython-310.pyc
byte-compiling /home/ovidiu/robot_ws/install/robot_controller/lib/python3.10/site-packages/robot_controller/fake_odometry_node.py to fake_odometry_node.cpython-310.pyc
byte-compiling /home/ovidiu/robot_ws/install/robot_controller/lib/python3.10/site-packages/robot_controller/motor_controller.py to motor_controller.cpython-310.pyc
byte-compiling /home/ovidiu/robot_ws/install/robot_controller/lib/python3.10/site-packages/robot_controller/odometry_publisher.py to odometry_publisher.cpython-310.pyc
byte-compiling /home/ovidiu/robot_ws/install/robot_controller/lib/python3.10/site-packages/robot_controller/arduino_interface.py to arduino_interface.cpython-310.pyc
byte-compiling /home/ovidiu/robot_ws/install/robot_controller/lib/python3.10/site-packages/robot_controller/__init__.py to __init__.cpython-310.pyc
running install_data
copying resource/robot_controller -> /home/ovidiu/robot_ws/install/robot_controller/share/ament_index/resource_index/packages
copying package.xml -> /home/ovidiu/robot_ws/install/robot_controller/share/robot_controller
copying launch/robot_bringup.launch.py -> /home/ovidiu/robot_ws/install/robot_controller/share/robot_controller/launch
copying config/slam_toolbox_params.yaml -> /home/ovidiu/robot_ws/install/robot_controller/share/robot_controller/config
copying config/nav2_params.yaml -> /home/ovidiu/robot_ws/install/robot_controller/share/robot_controller/config
running install_egg_info
Copying ../../build/robot_controller/robot_controller.egg-info to /home/ovidiu/robot_ws/install/robot_controller/lib/python3.10/site-packages/robot_controller-0.0.0-py3.10.egg-info
running install_scripts
Installing arduino_interface script to /home/ovidiu/robot_ws/install/robot_controller/lib/robot_controller
Installing fake_lidar_node script to /home/ovidiu/robot_ws/install/robot_controller/lib/robot_controller
Installing fake_odometry_node script to /home/ovidiu/robot_ws/install/robot_controller/lib/robot_controller
Installing motor_controller script to /home/ovidiu/robot_ws/install/robot_controller/lib/robot_controller
Installing odometry_publisher script to /home/ovidiu/robot_ws/install/robot_controller/lib/robot_controller
Installing tf_broadcaster script to /home/ovidiu/robot_ws/install/robot_controller/lib/robot_controller
writing list of installed files to '/home/ovidiu/robot_ws/build/robot_controller/install.log'
