[5.902s] Invoking command in '/home/ovidiu/robot_ws/src/robot_controller': PYTHONPATH=/home/ovidiu/robot_ws/build/robot_controller/prefix_override:/usr/lib/python3/dist-packages/colcon_core/task/python/colcon_distutils_commands:/home/ovidiu/robot_ws/install/robot_controller/lib/python3.10/site-packages:${PYTHONPATH} /usr/bin/python3 -W ignore:setup.py install is deprecated -W ignore:easy_install command is deprecated setup.py egg_info --egg-base ../../build/robot_controller build --build-base /home/ovidiu/robot_ws/build/robot_controller/build install --record /home/ovidiu/robot_ws/build/robot_controller/install.log --single-version-externally-managed install_data
[7.838s] running egg_info
[7.841s] creating ../../build/robot_controller/robot_controller.egg-info
[7.843s] writing ../../build/robot_controller/robot_controller.egg-info/PKG-INFO
[7.846s] writing dependency_links to ../../build/robot_controller/robot_controller.egg-info/dependency_links.txt
[7.848s] writing entry points to ../../build/robot_controller/robot_controller.egg-info/entry_points.txt
[7.849s] writing requirements to ../../build/robot_controller/robot_controller.egg-info/requires.txt
[7.852s] writing top-level names to ../../build/robot_controller/robot_controller.egg-info/top_level.txt
[7.860s] writing manifest file '../../build/robot_controller/robot_controller.egg-info/SOURCES.txt'
[7.869s] reading manifest file '../../build/robot_controller/robot_controller.egg-info/SOURCES.txt'
[7.872s] writing manifest file '../../build/robot_controller/robot_controller.egg-info/SOURCES.txt'
[7.873s] running build
[7.874s] running build_py
[7.875s] creating /home/ovidiu/robot_ws/build/robot_controller/build
[7.876s] creating /home/ovidiu/robot_ws/build/robot_controller/build/lib
[7.876s] creating /home/ovidiu/robot_ws/build/robot_controller/build/lib/robot_controller
[7.877s] copying robot_controller/tf_broadcaster.py -> /home/ovidiu/robot_ws/build/robot_controller/build/lib/robot_controller
[7.878s] copying robot_controller/motor_controller.py -> /home/ovidiu/robot_ws/build/robot_controller/build/lib/robot_controller
[7.879s] copying robot_controller/odometry_publisher.py -> /home/ovidiu/robot_ws/build/robot_controller/build/lib/robot_controller
[7.881s] copying robot_controller/arduino_interface.py -> /home/ovidiu/robot_ws/build/robot_controller/build/lib/robot_controller
[7.882s] copying robot_controller/__init__.py -> /home/ovidiu/robot_ws/build/robot_controller/build/lib/robot_controller
[7.886s] running install
[7.898s] running install_lib
[7.898s] creating /home/ovidiu/robot_ws/install/robot_controller/lib/python3.10/site-packages/robot_controller
[7.899s] copying /home/ovidiu/robot_ws/build/robot_controller/build/lib/robot_controller/tf_broadcaster.py -> /home/ovidiu/robot_ws/install/robot_controller/lib/python3.10/site-packages/robot_controller
[7.900s] copying /home/ovidiu/robot_ws/build/robot_controller/build/lib/robot_controller/motor_controller.py -> /home/ovidiu/robot_ws/install/robot_controller/lib/python3.10/site-packages/robot_controller
[7.901s] copying /home/ovidiu/robot_ws/build/robot_controller/build/lib/robot_controller/odometry_publisher.py -> /home/ovidiu/robot_ws/install/robot_controller/lib/python3.10/site-packages/robot_controller
[7.901s] copying /home/ovidiu/robot_ws/build/robot_controller/build/lib/robot_controller/arduino_interface.py -> /home/ovidiu/robot_ws/install/robot_controller/lib/python3.10/site-packages/robot_controller
[7.902s] copying /home/ovidiu/robot_ws/build/robot_controller/build/lib/robot_controller/__init__.py -> /home/ovidiu/robot_ws/install/robot_controller/lib/python3.10/site-packages/robot_controller
[7.906s] byte-compiling /home/ovidiu/robot_ws/install/robot_controller/lib/python3.10/site-packages/robot_controller/tf_broadcaster.py to tf_broadcaster.cpython-310.pyc
[7.914s] byte-compiling /home/ovidiu/robot_ws/install/robot_controller/lib/python3.10/site-packages/robot_controller/motor_controller.py to motor_controller.cpython-310.pyc
[7.915s] byte-compiling /home/ovidiu/robot_ws/install/robot_controller/lib/python3.10/site-packages/robot_controller/odometry_publisher.py to odometry_publisher.cpython-310.pyc
[7.919s] byte-compiling /home/ovidiu/robot_ws/install/robot_controller/lib/python3.10/site-packages/robot_controller/arduino_interface.py to arduino_interface.cpython-310.pyc
[7.928s] byte-compiling /home/ovidiu/robot_ws/install/robot_controller/lib/python3.10/site-packages/robot_controller/__init__.py to __init__.cpython-310.pyc
[7.933s] running install_data
[7.935s] creating /home/ovidiu/robot_ws/install/robot_controller/share/ament_index
[7.936s] creating /home/ovidiu/robot_ws/install/robot_controller/share/ament_index/resource_index
[7.937s] creating /home/ovidiu/robot_ws/install/robot_controller/share/ament_index/resource_index/packages
[7.938s] copying resource/robot_controller -> /home/ovidiu/robot_ws/install/robot_controller/share/ament_index/resource_index/packages
[7.939s] copying package.xml -> /home/ovidiu/robot_ws/install/robot_controller/share/robot_controller
[7.941s] creating /home/ovidiu/robot_ws/install/robot_controller/share/robot_controller/launch
[7.942s] copying launch/robot_bringup.launch.py -> /home/ovidiu/robot_ws/install/robot_controller/share/robot_controller/launch
[7.944s] creating /home/ovidiu/robot_ws/install/robot_controller/share/robot_controller/config
[7.945s] copying config/slam_toolbox_params.yaml -> /home/ovidiu/robot_ws/install/robot_controller/share/robot_controller/config
[7.946s] copying config/nav2_params.yaml -> /home/ovidiu/robot_ws/install/robot_controller/share/robot_controller/config
[7.948s] running install_egg_info
[7.961s] Copying ../../build/robot_controller/robot_controller.egg-info to /home/ovidiu/robot_ws/install/robot_controller/lib/python3.10/site-packages/robot_controller-0.0.0-py3.10.egg-info
[7.972s] running install_scripts
[8.099s] Installing arduino_interface script to /home/ovidiu/robot_ws/install/robot_controller/lib/robot_controller
[8.106s] Installing motor_controller script to /home/ovidiu/robot_ws/install/robot_controller/lib/robot_controller
[8.110s] Installing odometry_publisher script to /home/ovidiu/robot_ws/install/robot_controller/lib/robot_controller
[8.121s] Installing tf_broadcaster script to /home/ovidiu/robot_ws/install/robot_controller/lib/robot_controller
[8.133s] writing list of installed files to '/home/ovidiu/robot_ws/build/robot_controller/install.log'
[8.396s] Invoked command in '/home/ovidiu/robot_ws/src/robot_controller' returned '0': PYTHONPATH=/home/ovidiu/robot_ws/build/robot_controller/prefix_override:/usr/lib/python3/dist-packages/colcon_core/task/python/colcon_distutils_commands:/home/ovidiu/robot_ws/install/robot_controller/lib/python3.10/site-packages:${PYTHONPATH} /usr/bin/python3 -W ignore:setup.py install is deprecated -W ignore:easy_install command is deprecated setup.py egg_info --egg-base ../../build/robot_controller build --build-base /home/ovidiu/robot_ws/build/robot_controller/build install --record /home/ovidiu/robot_ws/build/robot_controller/install.log --single-version-externally-managed install_data
