[1.605s] DEBUG:colcon:Command line arguments: ['/usr/bin/colcon', 'build']
[1.605s] DEBUG:colcon:Parsed command line arguments: Namespace(log_base=None, log_level=None, verb_name='build', build_base='build', install_base='install', merge_install=False, symlink_install=False, test_result_base=None, continue_on_error=False, executor='parallel', parallel_workers=4, event_handlers=None, ignore_user_meta=False, metas=['./colcon.meta'], base_paths=['.'], packages_ignore=None, packages_ignore_regex=None, paths=None, packages_up_to=None, packages_up_to_regex=None, packages_above=None, packages_above_and_dependencies=None, packages_above_depth=None, packages_select_by_dep=None, packages_skip_by_dep=None, packages_skip_up_to=None, packages_select_build_failed=False, packages_skip_build_finished=False, packages_select_test_failures=False, packages_skip_test_passed=False, packages_select=None, packages_skip=None, packages_select_regex=None, packages_skip_regex=None, packages_start=None, packages_end=None, allow_overriding=[], cmake_args=None, cmake_target=None, cmake_target_skip_unavailable=False, cmake_clean_cache=False, cmake_clean_first=False, cmake_force_configure=False, ament_cmake_args=None, catkin_cmake_args=None, catkin_skip_building_tests=False, mixin_files=None, mixin=None, verb_parser=<colcon_mixin.mixin.mixin_argument.MixinArgumentDecorator object at 0xffff94916140>, verb_extension=<colcon_core.verb.build.BuildVerb object at 0xffff94ad3070>, main=<bound method BuildVerb.main of <colcon_core.verb.build.BuildVerb object at 0xffff94ad3070>>, mixin_verb=('build',))
[3.579s] Level 1:colcon.colcon_core.package_discovery:discover_packages(colcon_meta) check parameters
[3.579s] Level 1:colcon.colcon_core.package_discovery:discover_packages(recursive) check parameters
[3.580s] Level 1:colcon.colcon_core.package_discovery:discover_packages(ignore) check parameters
[3.580s] Level 1:colcon.colcon_core.package_discovery:discover_packages(path) check parameters
[3.580s] Level 1:colcon.colcon_core.package_discovery:discover_packages(colcon_meta) discover
[3.580s] Level 1:colcon.colcon_core.package_discovery:discover_packages(recursive) discover
[3.580s] INFO:colcon.colcon_core.package_discovery:Crawling recursively for packages in '/home/ovidiu/robot_ws'
[3.581s] Level 1:colcon.colcon_core.package_identification:_identify(.) by extensions ['ignore', 'ignore_ament_install']
[3.581s] Level 1:colcon.colcon_core.package_identification:_identify(.) by extension 'ignore'
[3.581s] Level 1:colcon.colcon_core.package_identification:_identify(.) by extension 'ignore_ament_install'
[3.582s] Level 1:colcon.colcon_core.package_identification:_identify(.) by extensions ['colcon_pkg']
[3.582s] Level 1:colcon.colcon_core.package_identification:_identify(.) by extension 'colcon_pkg'
[3.582s] Level 1:colcon.colcon_core.package_identification:_identify(.) by extensions ['colcon_meta']
[3.582s] Level 1:colcon.colcon_core.package_identification:_identify(.) by extension 'colcon_meta'
[3.582s] Level 1:colcon.colcon_core.package_identification:_identify(.) by extensions ['ros']
[3.582s] Level 1:colcon.colcon_core.package_identification:_identify(.) by extension 'ros'
[3.673s] Level 1:colcon.colcon_core.package_identification:_identify(.) by extensions ['cmake', 'python']
[3.674s] Level 1:colcon.colcon_core.package_identification:_identify(.) by extension 'cmake'
[3.676s] Level 1:colcon.colcon_core.package_identification:_identify(.) by extension 'python'
[3.676s] Level 1:colcon.colcon_core.package_identification:_identify(.) by extensions ['python_setup_py']
[3.677s] Level 1:colcon.colcon_core.package_identification:_identify(.) by extension 'python_setup_py'
[3.677s] Level 1:colcon.colcon_core.package_identification:_identify(build) by extensions ['ignore', 'ignore_ament_install']
[3.677s] Level 1:colcon.colcon_core.package_identification:_identify(build) by extension 'ignore'
[3.677s] Level 1:colcon.colcon_core.package_identification:_identify(build) ignored
[3.678s] Level 1:colcon.colcon_core.package_identification:_identify(install) by extensions ['ignore', 'ignore_ament_install']
[3.678s] Level 1:colcon.colcon_core.package_identification:_identify(install) by extension 'ignore'
[3.678s] Level 1:colcon.colcon_core.package_identification:_identify(install) ignored
[3.679s] Level 1:colcon.colcon_core.package_identification:_identify(log) by extensions ['ignore', 'ignore_ament_install']
[3.679s] Level 1:colcon.colcon_core.package_identification:_identify(log) by extension 'ignore'
[3.679s] Level 1:colcon.colcon_core.package_identification:_identify(log) ignored
[3.680s] Level 1:colcon.colcon_core.package_identification:_identify(src) by extensions ['ignore', 'ignore_ament_install']
[3.680s] Level 1:colcon.colcon_core.package_identification:_identify(src) by extension 'ignore'
[3.680s] Level 1:colcon.colcon_core.package_identification:_identify(src) by extension 'ignore_ament_install'
[3.680s] Level 1:colcon.colcon_core.package_identification:_identify(src) by extensions ['colcon_pkg']
[3.680s] Level 1:colcon.colcon_core.package_identification:_identify(src) by extension 'colcon_pkg'
[3.680s] Level 1:colcon.colcon_core.package_identification:_identify(src) by extensions ['colcon_meta']
[3.681s] Level 1:colcon.colcon_core.package_identification:_identify(src) by extension 'colcon_meta'
[3.681s] Level 1:colcon.colcon_core.package_identification:_identify(src) by extensions ['ros']
[3.681s] Level 1:colcon.colcon_core.package_identification:_identify(src) by extension 'ros'
[3.681s] Level 1:colcon.colcon_core.package_identification:_identify(src) by extensions ['cmake', 'python']
[3.681s] Level 1:colcon.colcon_core.package_identification:_identify(src) by extension 'cmake'
[3.681s] Level 1:colcon.colcon_core.package_identification:_identify(src) by extension 'python'
[3.682s] Level 1:colcon.colcon_core.package_identification:_identify(src) by extensions ['python_setup_py']
[3.682s] Level 1:colcon.colcon_core.package_identification:_identify(src) by extension 'python_setup_py'
[3.682s] Level 1:colcon.colcon_core.package_identification:_identify(src/robot_controller) by extensions ['ignore', 'ignore_ament_install']
[3.682s] Level 1:colcon.colcon_core.package_identification:_identify(src/robot_controller) by extension 'ignore'
[3.683s] Level 1:colcon.colcon_core.package_identification:_identify(src/robot_controller) by extension 'ignore_ament_install'
[3.683s] Level 1:colcon.colcon_core.package_identification:_identify(src/robot_controller) by extensions ['colcon_pkg']
[3.683s] Level 1:colcon.colcon_core.package_identification:_identify(src/robot_controller) by extension 'colcon_pkg'
[3.683s] Level 1:colcon.colcon_core.package_identification:_identify(src/robot_controller) by extensions ['colcon_meta']
[3.683s] Level 1:colcon.colcon_core.package_identification:_identify(src/robot_controller) by extension 'colcon_meta'
[3.683s] Level 1:colcon.colcon_core.package_identification:_identify(src/robot_controller) by extensions ['ros']
[3.683s] Level 1:colcon.colcon_core.package_identification:_identify(src/robot_controller) by extension 'ros'
[3.699s] DEBUG:colcon.colcon_core.package_identification:Package 'src/robot_controller' with type 'ros.ament_python' and name 'robot_controller'
[3.699s] Level 1:colcon.colcon_core.package_discovery:discover_packages(recursive) using defaults
[3.699s] Level 1:colcon.colcon_core.package_discovery:discover_packages(ignore) discover
[3.699s] Level 1:colcon.colcon_core.package_discovery:discover_packages(ignore) using defaults
[3.700s] Level 1:colcon.colcon_core.package_discovery:discover_packages(path) discover
[3.700s] Level 1:colcon.colcon_core.package_discovery:discover_packages(path) using defaults
[4.015s] Level 1:colcon.colcon_core.package_discovery:discover_packages(prefix_path) check parameters
[4.016s] Level 1:colcon.colcon_core.package_discovery:discover_packages(prefix_path) discover
[4.046s] DEBUG:colcon.colcon_installed_package_information.package_discovery:Found 337 installed packages in /opt/ros/humble
[4.054s] Level 1:colcon.colcon_core.package_discovery:discover_packages(prefix_path) using defaults
[5.040s] Level 5:colcon.colcon_core.verb:set package 'robot_controller' build argument 'cmake_args' from command line to 'None'
[5.041s] Level 5:colcon.colcon_core.verb:set package 'robot_controller' build argument 'cmake_target' from command line to 'None'
[5.042s] Level 5:colcon.colcon_core.verb:set package 'robot_controller' build argument 'cmake_target_skip_unavailable' from command line to 'False'
[5.043s] Level 5:colcon.colcon_core.verb:set package 'robot_controller' build argument 'cmake_clean_cache' from command line to 'False'
[5.043s] Level 5:colcon.colcon_core.verb:set package 'robot_controller' build argument 'cmake_clean_first' from command line to 'False'
[5.044s] Level 5:colcon.colcon_core.verb:set package 'robot_controller' build argument 'cmake_force_configure' from command line to 'False'
[5.045s] Level 5:colcon.colcon_core.verb:set package 'robot_controller' build argument 'ament_cmake_args' from command line to 'None'
[5.046s] Level 5:colcon.colcon_core.verb:set package 'robot_controller' build argument 'catkin_cmake_args' from command line to 'None'
[5.046s] Level 5:colcon.colcon_core.verb:set package 'robot_controller' build argument 'catkin_skip_building_tests' from command line to 'False'
[5.047s] DEBUG:colcon.colcon_core.verb:Building package 'robot_controller' with the following arguments: {'ament_cmake_args': None, 'build_base': '/home/ovidiu/robot_ws/build/robot_controller', 'catkin_cmake_args': None, 'catkin_skip_building_tests': False, 'cmake_args': None, 'cmake_clean_cache': False, 'cmake_clean_first': False, 'cmake_force_configure': False, 'cmake_target': None, 'cmake_target_skip_unavailable': False, 'install_base': '/home/ovidiu/robot_ws/install/robot_controller', 'merge_install': False, 'path': '/home/ovidiu/robot_ws/src/robot_controller', 'symlink_install': False, 'test_result_base': None}
[5.048s] INFO:colcon.colcon_core.executor:Executing jobs using 'parallel' executor
[5.051s] DEBUG:colcon.colcon_parallel_executor.executor.parallel:run_until_complete
[5.052s] INFO:colcon.colcon_ros.task.ament_python.build:Building ROS package in '/home/ovidiu/robot_ws/src/robot_controller' with build type 'ament_python'
[5.052s] Level 1:colcon.colcon_core.shell:create_environment_hook('robot_controller', 'ament_prefix_path')
[5.077s] INFO:colcon.colcon_core.plugin_system:Skipping extension 'colcon_core.shell.bat': Not used on non-Windows systems
[5.080s] INFO:colcon.colcon_core.shell:Creating environment hook '/home/ovidiu/robot_ws/install/robot_controller/share/robot_controller/hook/ament_prefix_path.ps1'
[5.085s] INFO:colcon.colcon_core.shell:Creating environment descriptor '/home/ovidiu/robot_ws/install/robot_controller/share/robot_controller/hook/ament_prefix_path.dsv'
[5.088s] INFO:colcon.colcon_core.shell:Creating environment hook '/home/ovidiu/robot_ws/install/robot_controller/share/robot_controller/hook/ament_prefix_path.sh'
[5.092s] INFO:colcon.colcon_core.shell:Skip shell extension 'powershell' for command environment: Not usable outside of PowerShell
[5.092s] DEBUG:colcon.colcon_core.shell:Skip shell extension 'dsv' for command environment
[7.738s] INFO:colcon.colcon_core.task.python.build:Building Python package in '/home/ovidiu/robot_ws/src/robot_controller'
[7.740s] INFO:colcon.colcon_core.shell:Skip shell extension 'powershell' for command environment: Not usable outside of PowerShell
[7.740s] DEBUG:colcon.colcon_core.shell:Skip shell extension 'dsv' for command environment
[10.955s] DEBUG:colcon.colcon_core.event_handler.log_command:Invoking command in '/home/ovidiu/robot_ws/src/robot_controller': PYTHONPATH=/home/ovidiu/robot_ws/build/robot_controller/prefix_override:/usr/lib/python3/dist-packages/colcon_core/task/python/colcon_distutils_commands:/home/ovidiu/robot_ws/install/robot_controller/lib/python3.10/site-packages:${PYTHONPATH} /usr/bin/python3 -W ignore:setup.py install is deprecated -W ignore:easy_install command is deprecated setup.py egg_info --egg-base ../../build/robot_controller build --build-base /home/ovidiu/robot_ws/build/robot_controller/build install --record /home/ovidiu/robot_ws/build/robot_controller/install.log --single-version-externally-managed install_data
[13.451s] DEBUG:colcon.colcon_core.event_handler.log_command:Invoked command in '/home/ovidiu/robot_ws/src/robot_controller' returned '0': PYTHONPATH=/home/ovidiu/robot_ws/build/robot_controller/prefix_override:/usr/lib/python3/dist-packages/colcon_core/task/python/colcon_distutils_commands:/home/ovidiu/robot_ws/install/robot_controller/lib/python3.10/site-packages:${PYTHONPATH} /usr/bin/python3 -W ignore:setup.py install is deprecated -W ignore:easy_install command is deprecated setup.py egg_info --egg-base ../../build/robot_controller build --build-base /home/ovidiu/robot_ws/build/robot_controller/build install --record /home/ovidiu/robot_ws/build/robot_controller/install.log --single-version-externally-managed install_data
[13.496s] Level 1:colcon.colcon_core.environment:checking '/home/ovidiu/robot_ws/install/robot_controller' for CMake module files
[13.499s] Level 1:colcon.colcon_core.environment:checking '/home/ovidiu/robot_ws/install/robot_controller' for CMake config files
[13.509s] Level 1:colcon.colcon_core.environment:checking '/home/ovidiu/robot_ws/install/robot_controller/lib'
[13.512s] Level 1:colcon.colcon_core.environment:checking '/home/ovidiu/robot_ws/install/robot_controller/bin'
[13.514s] Level 1:colcon.colcon_core.environment:checking '/home/ovidiu/robot_ws/install/robot_controller/lib/pkgconfig/robot_controller.pc'
[13.517s] Level 1:colcon.colcon_core.environment:checking '/home/ovidiu/robot_ws/install/robot_controller/lib/python3.10/site-packages'
[13.521s] Level 1:colcon.colcon_core.shell:create_environment_hook('robot_controller', 'pythonpath')
[13.523s] INFO:colcon.colcon_core.shell:Creating environment hook '/home/ovidiu/robot_ws/install/robot_controller/share/robot_controller/hook/pythonpath.ps1'
[13.527s] INFO:colcon.colcon_core.shell:Creating environment descriptor '/home/ovidiu/robot_ws/install/robot_controller/share/robot_controller/hook/pythonpath.dsv'
[13.529s] INFO:colcon.colcon_core.shell:Creating environment hook '/home/ovidiu/robot_ws/install/robot_controller/share/robot_controller/hook/pythonpath.sh'
[13.532s] Level 1:colcon.colcon_core.environment:checking '/home/ovidiu/robot_ws/install/robot_controller/bin'
[13.533s] Level 1:colcon.colcon_core.environment:create_environment_scripts_only(robot_controller)
[13.536s] INFO:colcon.colcon_core.shell:Creating package script '/home/ovidiu/robot_ws/install/robot_controller/share/robot_controller/package.ps1'
[13.550s] INFO:colcon.colcon_core.shell:Creating package descriptor '/home/ovidiu/robot_ws/install/robot_controller/share/robot_controller/package.dsv'
[13.555s] INFO:colcon.colcon_core.shell:Creating package script '/home/ovidiu/robot_ws/install/robot_controller/share/robot_controller/package.sh'
[13.560s] INFO:colcon.colcon_core.shell:Creating package script '/home/ovidiu/robot_ws/install/robot_controller/share/robot_controller/package.bash'
[13.567s] INFO:colcon.colcon_core.shell:Creating package script '/home/ovidiu/robot_ws/install/robot_controller/share/robot_controller/package.zsh'
[13.574s] Level 1:colcon.colcon_core.environment:create_file_with_runtime_dependencies(/home/ovidiu/robot_ws/install/robot_controller/share/colcon-core/packages/robot_controller)
[13.581s] DEBUG:colcon.colcon_parallel_executor.executor.parallel:closing loop
[13.582s] DEBUG:colcon.colcon_parallel_executor.executor.parallel:loop closed
[13.583s] DEBUG:colcon.colcon_parallel_executor.executor.parallel:run_until_complete finished with '0'
[13.584s] DEBUG:colcon.colcon_core.event_reactor:joining thread
[13.653s] INFO:colcon.colcon_core.plugin_system:Skipping extension 'colcon_notification.desktop_notification.terminal_notifier': Not used on non-Darwin systems
[13.653s] INFO:colcon.colcon_core.plugin_system:Skipping extension 'colcon_notification.desktop_notification.win32': Not used on non-Windows systems
[13.653s] INFO:colcon.colcon_notification.desktop_notification:Sending desktop notification using 'notify2'
[15.361s] DEBUG:colcon.colcon_core.event_reactor:joined thread
[15.362s] INFO:colcon.colcon_core.shell:Creating prefix script '/home/ovidiu/robot_ws/install/local_setup.ps1'
[15.367s] INFO:colcon.colcon_core.shell:Creating prefix util module '/home/ovidiu/robot_ws/install/_local_setup_util_ps1.py'
[15.375s] INFO:colcon.colcon_core.shell:Creating prefix chain script '/home/ovidiu/robot_ws/install/setup.ps1'
[15.389s] INFO:colcon.colcon_core.shell:Creating prefix script '/home/ovidiu/robot_ws/install/local_setup.sh'
[15.393s] INFO:colcon.colcon_core.shell:Creating prefix util module '/home/ovidiu/robot_ws/install/_local_setup_util_sh.py'
[15.396s] INFO:colcon.colcon_core.shell:Creating prefix chain script '/home/ovidiu/robot_ws/install/setup.sh'
[15.406s] INFO:colcon.colcon_core.shell:Creating prefix script '/home/ovidiu/robot_ws/install/local_setup.bash'
[15.414s] INFO:colcon.colcon_core.shell:Creating prefix chain script '/home/ovidiu/robot_ws/install/setup.bash'
[15.419s] INFO:colcon.colcon_core.shell:Creating prefix script '/home/ovidiu/robot_ws/install/local_setup.zsh'
[15.424s] INFO:colcon.colcon_core.shell:Creating prefix chain script '/home/ovidiu/robot_ws/install/setup.zsh'
